{"app_name":"Ecommerce-Api","app_version":"1.0","level":"error","log_type":"Response","method":"POST","msg":"token is expired by 24h46m22s","request":{"address":"Jl. Cibaduyut Bandung","payment_method":"VA","sku":[{"id":"502a7a6a-ef9a-46ce-b9ff-cb33b21fdbec","quantity":5},{"id":"b32b86b0-aa0a-4bea-806c-61f0250a8c28","quantity":2}]},"route":"/transaction","time":"2025-02-16T09:56:54Z"}
{"app_name":"Ecommerce-Api","app_version":"1.0","level":"info","log_type":"Query","msg":"select id, phone, password, warehouse_id from user where phone = ?","time":"2025-02-16T09:57:01Z"}
{"app_name":"Ecommerce-Api","app_version":"1.0","level":"info","log_type":"Response","method":"POST","msg":"success","request":{"password":"123","phone":"08982510077"},"route":"/login","time":"2025-02-16T09:57:01Z"}
{"app_name":"Ecommerce-Api","app_version":"1.0","level":"info","log_type":"Query","msg":"SELECT \n\t\tws.sku_id,\n\t\tws.stock,\n\t\tsku.price\n\tFROM sku\n\tINNER JOIN warehouse_stock ws ON sku.id = ws.sku_id\n\tWHERE ws.warehouse_id = ? AND ws.sku_id IN (?,?) FOR UPDATE OF ws, sku","time":"2025-02-16T09:57:27Z"}
{"app_name":"Ecommerce-Api","app_version":"1.0","level":"error","log_type":"Response","method":"POST","msg":"%!w(\u003cnil\u003e)","request":{"address":"Jl. Cibaduyut Bandung","payment_method":"VA","sku":[{"id":"502a7a6a-ef9a-46ce-b9ff-cb33b21fdbec","quantity":5},{"id":"b32b86b0-aa0a-4bea-806c-61f0250a8c28","quantity":2}]},"route":"/transaction","time":"2025-02-16T09:57:27Z"}
{"app_name":"Ecommerce-Api","app_version":"1.0","level":"info","log_type":"Query","msg":"SELECT \n\t\tws.sku_id,\n\t\tws.stock,\n\t\tsku.price\n\tFROM sku\n\tINNER JOIN warehouse_stock ws ON sku.id = ws.sku_id\n\tWHERE ws.warehouse_id = ? AND ws.sku_id IN (?,?) FOR UPDATE OF ws, sku","time":"2025-02-16T09:58:32Z"}
{"app_name":"Ecommerce-Api","app_version":"1.0","level":"error","log_type":"Response","method":"POST","msg":"%!w(\u003cnil\u003e)","request":{"address":"Jl. Cibaduyut Bandung","payment_method":"VA","sku":[{"id":"502a7a6a-ef9a-46ce-b9ff-cb33b21fdbec","quantity":5},{"id":"b32b86b0-aa0a-4bea-806c-61f0250a8c28","quantity":2}]},"route":"/transaction","time":"2025-02-16T09:58:32Z"}
{"app_name":"Ecommerce-Api","app_version":"1.0","level":"info","log_type":"Query","msg":"select id, phone, password, warehouse_id from user where phone = ?","time":"2025-02-16T09:58:53Z"}
{"app_name":"Ecommerce-Api","app_version":"1.0","level":"info","log_type":"Response","method":"POST","msg":"success","request":{"password":"123","phone":"08982510066"},"route":"/login","time":"2025-02-16T09:58:53Z"}
{"app_name":"Ecommerce-Api","app_version":"1.0","level":"info","log_type":"Query","msg":"SELECT \n\t\tws.sku_id,\n\t\tws.stock,\n\t\tsku.price\n\tFROM sku\n\tINNER JOIN warehouse_stock ws ON sku.id = ws.sku_id\n\tWHERE ws.warehouse_id = ? AND ws.sku_id IN (?,?) FOR UPDATE OF ws, sku","time":"2025-02-16T09:59:13Z"}
{"app_name":"Ecommerce-Api","app_version":"1.0","level":"info","log_type":"Query","msg":"INSERT INTO `order` (\n\tid,\n\tuser_id,\n\tpayment_method,\n\tamount,\n    status,\n\taddress) \n    VALUES (?, ?, ?, ?, ?, ?)","time":"2025-02-16T09:59:13Z"}
{"app_name":"Ecommerce-Api","app_version":"1.0","level":"info","log_type":"Query","msg":"INSERT INTO order_item (\n\t\tid,\n\t\torder_id,\n\t\tsku_id,\n\t\tquantity,\n\t\tprice\n\t) VALUES ","time":"2025-02-16T09:59:13Z"}
{"app_name":"Ecommerce-Api","app_version":"1.0","level":"info","log_type":"Query","msg":"UPDATE warehouse_stock SET stock = stock - ? WHERE sku_id = ? AND warehouse_id = ?","time":"2025-02-16T09:59:13Z"}
{"app_name":"Ecommerce-Api","app_version":"1.0","level":"info","log_type":"Query","msg":"UPDATE warehouse_stock SET stock = stock - ? WHERE sku_id = ? AND warehouse_id = ?","time":"2025-02-16T09:59:13Z"}
{"app_name":"Ecommerce-Api","app_version":"1.0","level":"info","log_type":"Response","method":"POST","msg":"success","request":{"address":"Jl. Cibaduyut Bandung","payment_method":"VA","sku":[{"id":"502a7a6a-ef9a-46ce-b9ff-cb33b21fdbec","quantity":5},{"id":"b32b86b0-aa0a-4bea-806c-61f0250a8c28","quantity":2}]},"route":"/transaction","time":"2025-02-16T09:59:13Z"}
{"app_name":"Ecommerce-Api","app_version":"1.0","level":"info","log_type":"Producer","method":"","msg":"message sent","request":{"order_id":"01950e32-9dc8-7567-a8b4-935a70bdf2a3","payment_method":"","address":"","warehouse_id":"3c4d1ceb-93d4-4233-aea7-700bf51e5051","sku":[{"id":"502a7a6a-ef9a-46ce-b9ff-cb33b21fdbec","quantity":5},{"id":"b32b86b0-aa0a-4bea-806c-61f0250a8c28","quantity":2}]},"route":"","time":"2025-02-16T09:59:13Z"}
{"app_name":"Ecommerce-Api","app_version":"1.0","level":"info","log_type":"Consumer","msg":"consume check stock reversal","time":"2025-02-16T10:12:23Z"}
{"app_name":"Ecommerce-Api","app_version":"1.0","level":"info","log_type":"Query","msg":"SELECT status FROM `order` WHERE id = ?","time":"2025-02-16T10:12:23Z"}
{"app_name":"Ecommerce-Api","app_version":"1.0","level":"info","log_type":"Query","msg":"UPDATE `order` SET status = ? WHERE id = ?","time":"2025-02-16T10:12:23Z"}
{"app_name":"Ecommerce-Api","app_version":"1.0","level":"info","log_type":"Query","msg":"UPDATE warehouse_stock SET stock = stock + ? WHERE sku_id = ? AND warehouse_id = ?","time":"2025-02-16T10:12:23Z"}
{"app_name":"Ecommerce-Api","app_version":"1.0","level":"info","log_type":"Query","msg":"UPDATE warehouse_stock SET stock = stock + ? WHERE sku_id = ? AND warehouse_id = ?","time":"2025-02-16T10:12:23Z"}
{"app_name":"Ecommerce-Api","app_version":"1.0","level":"info","log_type":"Consumer","method":"","msg":"message acknowledged","request":{"order_id":"01950e32-9dc8-7567-a8b4-935a70bdf2a3","payment_method":"","address":"","warehouse_id":"3c4d1ceb-93d4-4233-aea7-700bf51e5051","sku":[{"id":"502a7a6a-ef9a-46ce-b9ff-cb33b21fdbec","quantity":5},{"id":"b32b86b0-aa0a-4bea-806c-61f0250a8c28","quantity":2}]},"route":"","time":"2025-02-16T10:12:23Z"}
{"app_name":"Ecommerce-Api","app_version":"1.0","level":"info","log_type":"Query","msg":"SELECT \n\t\tws.sku_id,\n\t\tws.stock,\n\t\tsku.price\n\tFROM sku\n\tINNER JOIN warehouse_stock ws ON sku.id = ws.sku_id\n\tWHERE ws.warehouse_id = ? AND ws.sku_id IN (?,?) FOR UPDATE OF ws, sku","time":"2025-02-16T10:13:07Z"}
{"app_name":"Ecommerce-Api","app_version":"1.0","level":"info","log_type":"Query","msg":"INSERT INTO `order` (\n\tid,\n\tuser_id,\n\tpayment_method,\n\tamount,\n    status,\n\taddress) \n    VALUES (?, ?, ?, ?, ?, ?)","time":"2025-02-16T10:13:07Z"}
{"app_name":"Ecommerce-Api","app_version":"1.0","level":"info","log_type":"Query","msg":"INSERT INTO order_item (\n\t\tid,\n\t\torder_id,\n\t\tsku_id,\n\t\tquantity,\n\t\tprice\n\t) VALUES ","time":"2025-02-16T10:13:07Z"}
{"app_name":"Ecommerce-Api","app_version":"1.0","level":"info","log_type":"Query","msg":"UPDATE warehouse_stock SET stock = stock - ? WHERE sku_id = ? AND warehouse_id = ?","time":"2025-02-16T10:13:07Z"}
{"app_name":"Ecommerce-Api","app_version":"1.0","level":"info","log_type":"Query","msg":"UPDATE warehouse_stock SET stock = stock - ? WHERE sku_id = ? AND warehouse_id = ?","time":"2025-02-16T10:13:07Z"}
{"app_name":"Ecommerce-Api","app_version":"1.0","level":"info","log_type":"Response","method":"POST","msg":"success","request":{"address":"Jl. Cibaduyut Bandung","payment_method":"VA","sku":[{"id":"502a7a6a-ef9a-46ce-b9ff-cb33b21fdbec","quantity":5},{"id":"b32b86b0-aa0a-4bea-806c-61f0250a8c28","quantity":2}]},"route":"/transaction","time":"2025-02-16T10:13:07Z"}
{"app_name":"Ecommerce-Api","app_version":"1.0","level":"info","log_type":"Query","msg":"SELECT \n\t\tws.sku_id,\n\t\tws.stock,\n\t\tsku.price\n\tFROM sku\n\tINNER JOIN warehouse_stock ws ON sku.id = ws.sku_id\n\tWHERE ws.warehouse_id = ? AND ws.sku_id IN (?,?) FOR UPDATE OF ws, sku","time":"2025-02-16T10:14:12Z"}
{"app_name":"Ecommerce-Api","app_version":"1.0","level":"info","log_type":"Query","msg":"INSERT INTO `order` (\n\tid,\n\tuser_id,\n\tpayment_method,\n\tamount,\n    status,\n\taddress) \n    VALUES (?, ?, ?, ?, ?, ?)","time":"2025-02-16T10:14:12Z"}
{"app_name":"Ecommerce-Api","app_version":"1.0","level":"info","log_type":"Query","msg":"INSERT INTO order_item (\n\t\tid,\n\t\torder_id,\n\t\tsku_id,\n\t\tquantity,\n\t\tprice\n\t) VALUES ","time":"2025-02-16T10:14:12Z"}
{"app_name":"Ecommerce-Api","app_version":"1.0","level":"info","log_type":"Query","msg":"UPDATE warehouse_stock SET stock = stock - ? WHERE sku_id = ? AND warehouse_id = ?","time":"2025-02-16T10:14:12Z"}
{"app_name":"Ecommerce-Api","app_version":"1.0","level":"info","log_type":"Query","msg":"UPDATE warehouse_stock SET stock = stock - ? WHERE sku_id = ? AND warehouse_id = ?","time":"2025-02-16T10:14:12Z"}
{"app_name":"Ecommerce-Api","app_version":"1.0","level":"info","log_type":"Response","method":"POST","msg":"success","request":{"address":"Jl. Cibaduyut Bandung","payment_method":"VA","sku":[{"id":"502a7a6a-ef9a-46ce-b9ff-cb33b21fdbec","quantity":5},{"id":"b32b86b0-aa0a-4bea-806c-61f0250a8c28","quantity":2}]},"route":"/transaction","time":"2025-02-16T10:14:12Z"}
{"app_name":"Ecommerce-Api","app_version":"1.0","level":"info","log_type":"Producer","method":"","msg":"message sent","request":{"order_id":"01950e40-56ab-7ce6-896f-d6f3b488dd58","payment_method":"","address":"","warehouse_id":"3c4d1ceb-93d4-4233-aea7-700bf51e5051","sku":[{"id":"502a7a6a-ef9a-46ce-b9ff-cb33b21fdbec","quantity":5},{"id":"b32b86b0-aa0a-4bea-806c-61f0250a8c28","quantity":2}]},"route":"","time":"2025-02-16T10:14:12Z"}
{"app_name":"Ecommerce-Api","app_version":"1.0","level":"info","log_type":"Consumer","msg":"consume check stock reversal","time":"2025-02-16T10:14:13Z"}
{"app_name":"Ecommerce-Api","app_version":"1.0","level":"info","log_type":"Query","msg":"SELECT status FROM `order` WHERE id = ?","time":"2025-02-16T10:14:13Z"}
{"app_name":"Ecommerce-Api","app_version":"1.0","level":"info","log_type":"Query","msg":"UPDATE `order` SET status = ? WHERE id = ?","time":"2025-02-16T10:14:13Z"}
{"app_name":"Ecommerce-Api","app_version":"1.0","level":"info","log_type":"Query","msg":"UPDATE warehouse_stock SET stock = stock + ? WHERE sku_id = ? AND warehouse_id = ?","time":"2025-02-16T10:14:13Z"}
{"app_name":"Ecommerce-Api","app_version":"1.0","level":"info","log_type":"Query","msg":"UPDATE warehouse_stock SET stock = stock + ? WHERE sku_id = ? AND warehouse_id = ?","time":"2025-02-16T10:14:13Z"}
{"app_name":"Ecommerce-Api","app_version":"1.0","level":"info","log_type":"Consumer","method":"","msg":"message acknowledged","request":{"order_id":"01950e40-56ab-7ce6-896f-d6f3b488dd58","payment_method":"","address":"","warehouse_id":"3c4d1ceb-93d4-4233-aea7-700bf51e5051","sku":[{"id":"502a7a6a-ef9a-46ce-b9ff-cb33b21fdbec","quantity":5},{"id":"b32b86b0-aa0a-4bea-806c-61f0250a8c28","quantity":2}]},"route":"","time":"2025-02-16T10:14:13Z"}
{"app_name":"Ecommerce-Api","app_version":"1.0","level":"info","log_type":"Query","msg":"SELECT \n\t\tws.sku_id,\n\t\tws.stock,\n\t\tsku.price\n\tFROM sku\n\tINNER JOIN warehouse_stock ws ON sku.id = ws.sku_id\n\tWHERE ws.warehouse_id = ? AND ws.sku_id IN (?,?) FOR UPDATE OF ws, sku","time":"2025-02-16T10:14:53Z"}
{"app_name":"Ecommerce-Api","app_version":"1.0","level":"info","log_type":"Query","msg":"INSERT INTO `order` (\n\tid,\n\tuser_id,\n\tpayment_method,\n\tamount,\n    status,\n\taddress) \n    VALUES (?, ?, ?, ?, ?, ?)","time":"2025-02-16T10:14:53Z"}
{"app_name":"Ecommerce-Api","app_version":"1.0","level":"info","log_type":"Query","msg":"INSERT INTO order_item (\n\t\tid,\n\t\torder_id,\n\t\tsku_id,\n\t\tquantity,\n\t\tprice\n\t) VALUES ","time":"2025-02-16T10:14:53Z"}
{"app_name":"Ecommerce-Api","app_version":"1.0","level":"info","log_type":"Query","msg":"UPDATE warehouse_stock SET stock = stock - ? WHERE sku_id = ? AND warehouse_id = ?","time":"2025-02-16T10:14:53Z"}
{"app_name":"Ecommerce-Api","app_version":"1.0","level":"info","log_type":"Query","msg":"UPDATE warehouse_stock SET stock = stock - ? WHERE sku_id = ? AND warehouse_id = ?","time":"2025-02-16T10:14:53Z"}
{"app_name":"Ecommerce-Api","app_version":"1.0","level":"info","log_type":"Response","method":"POST","msg":"success","request":{"address":"Jl. Cibaduyut Bandung","payment_method":"VA","sku":[{"id":"502a7a6a-ef9a-46ce-b9ff-cb33b21fdbec","quantity":5},{"id":"b32b86b0-aa0a-4bea-806c-61f0250a8c28","quantity":2}]},"route":"/transaction","time":"2025-02-16T10:14:53Z"}
{"app_name":"Ecommerce-Api","app_version":"1.0","level":"info","log_type":"Producer","method":"","msg":"message sent","request":{"order_id":"01950e40-f719-7833-99cd-495972152737","payment_method":"","address":"","warehouse_id":"3c4d1ceb-93d4-4233-aea7-700bf51e5051","sku":[{"id":"502a7a6a-ef9a-46ce-b9ff-cb33b21fdbec","quantity":5},{"id":"b32b86b0-aa0a-4bea-806c-61f0250a8c28","quantity":2}]},"route":"","time":"2025-02-16T10:14:53Z"}
{"app_name":"Ecommerce-Api","app_version":"1.0","level":"info","log_type":"Consumer","msg":"consume check stock reversal","time":"2025-02-16T10:14:55Z"}
{"app_name":"Ecommerce-Api","app_version":"1.0","level":"info","log_type":"Query","msg":"SELECT status FROM `order` WHERE id = ?","time":"2025-02-16T10:14:55Z"}
{"app_name":"Ecommerce-Api","app_version":"1.0","level":"info","log_type":"Query","msg":"UPDATE `order` SET status = ? WHERE id = ?","time":"2025-02-16T10:14:55Z"}
{"app_name":"Ecommerce-Api","app_version":"1.0","level":"info","log_type":"Query","msg":"UPDATE warehouse_stock SET stock = stock + ? WHERE sku_id = ? AND warehouse_id = ?","time":"2025-02-16T10:14:55Z"}
{"app_name":"Ecommerce-Api","app_version":"1.0","level":"info","log_type":"Query","msg":"UPDATE warehouse_stock SET stock = stock + ? WHERE sku_id = ? AND warehouse_id = ?","time":"2025-02-16T10:14:55Z"}
{"app_name":"Ecommerce-Api","app_version":"1.0","level":"info","log_type":"Consumer","method":"","msg":"message acknowledged","request":{"order_id":"01950e40-f719-7833-99cd-495972152737","payment_method":"","address":"","warehouse_id":"3c4d1ceb-93d4-4233-aea7-700bf51e5051","sku":[{"id":"502a7a6a-ef9a-46ce-b9ff-cb33b21fdbec","quantity":5},{"id":"b32b86b0-aa0a-4bea-806c-61f0250a8c28","quantity":2}]},"route":"","time":"2025-02-16T10:14:55Z"}
{"app_name":"Ecommerce-Api","app_version":"1.0","level":"info","log_type":"Query","msg":"SELECT \n\t\tws.sku_id,\n\t\tws.stock,\n\t\tsku.price\n\tFROM sku\n\tINNER JOIN warehouse_stock ws ON sku.id = ws.sku_id\n\tWHERE ws.warehouse_id = ? AND ws.sku_id IN (?,?) FOR UPDATE OF ws, sku","time":"2025-02-16T10:15:26Z"}
{"app_name":"Ecommerce-Api","app_version":"1.0","level":"info","log_type":"Query","msg":"INSERT INTO `order` (\n\tid,\n\tuser_id,\n\tpayment_method,\n\tamount,\n    status,\n\taddress) \n    VALUES (?, ?, ?, ?, ?, ?)","time":"2025-02-16T10:15:26Z"}
{"app_name":"Ecommerce-Api","app_version":"1.0","level":"info","log_type":"Query","msg":"INSERT INTO order_item (\n\t\tid,\n\t\torder_id,\n\t\tsku_id,\n\t\tquantity,\n\t\tprice\n\t) VALUES ","time":"2025-02-16T10:15:26Z"}
{"app_name":"Ecommerce-Api","app_version":"1.0","level":"info","log_type":"Query","msg":"UPDATE warehouse_stock SET stock = stock - ? WHERE sku_id = ? AND warehouse_id = ?","time":"2025-02-16T10:15:26Z"}
{"app_name":"Ecommerce-Api","app_version":"1.0","level":"info","log_type":"Query","msg":"UPDATE warehouse_stock SET stock = stock - ? WHERE sku_id = ? AND warehouse_id = ?","time":"2025-02-16T10:15:26Z"}
{"app_name":"Ecommerce-Api","app_version":"1.0","level":"info","log_type":"Response","method":"POST","msg":"success","request":{"address":"Jl. Cibaduyut Bandung","payment_method":"VA","sku":[{"id":"502a7a6a-ef9a-46ce-b9ff-cb33b21fdbec","quantity":5},{"id":"b32b86b0-aa0a-4bea-806c-61f0250a8c28","quantity":2}]},"route":"/transaction","time":"2025-02-16T10:15:26Z"}
{"app_name":"Ecommerce-Api","app_version":"1.0","level":"info","log_type":"Query","msg":"SELECT \n\t\tws.sku_id,\n\t\tws.stock,\n\t\tsku.price\n\tFROM sku\n\tINNER JOIN warehouse_stock ws ON sku.id = ws.sku_id\n\tWHERE ws.warehouse_id = ? AND ws.sku_id IN (?,?) FOR UPDATE OF ws, sku","time":"2025-02-16T10:16:01Z"}
{"app_name":"Ecommerce-Api","app_version":"1.0","level":"info","log_type":"Query","msg":"INSERT INTO `order` (\n\tid,\n\tuser_id,\n\tpayment_method,\n\tamount,\n    status,\n\taddress) \n    VALUES (?, ?, ?, ?, ?, ?)","time":"2025-02-16T10:16:01Z"}
{"app_name":"Ecommerce-Api","app_version":"1.0","level":"info","log_type":"Query","msg":"INSERT INTO order_item (\n\t\tid,\n\t\torder_id,\n\t\tsku_id,\n\t\tquantity,\n\t\tprice\n\t) VALUES ","time":"2025-02-16T10:16:01Z"}
{"app_name":"Ecommerce-Api","app_version":"1.0","level":"info","log_type":"Query","msg":"UPDATE warehouse_stock SET stock = stock - ? WHERE sku_id = ? AND warehouse_id = ?","time":"2025-02-16T10:16:01Z"}
{"app_name":"Ecommerce-Api","app_version":"1.0","level":"info","log_type":"Query","msg":"UPDATE warehouse_stock SET stock = stock - ? WHERE sku_id = ? AND warehouse_id = ?","time":"2025-02-16T10:16:01Z"}
{"app_name":"Ecommerce-Api","app_version":"1.0","level":"info","log_type":"Response","method":"POST","msg":"success","request":{"address":"Jl. Cibaduyut Bandung","payment_method":"VA","sku":[{"id":"502a7a6a-ef9a-46ce-b9ff-cb33b21fdbec","quantity":5},{"id":"b32b86b0-aa0a-4bea-806c-61f0250a8c28","quantity":2}]},"route":"/transaction","time":"2025-02-16T10:16:01Z"}
{"app_name":"Ecommerce-Api","app_version":"1.0","level":"info","log_type":"Producer","method":"","msg":"message sent","request":{"order_id":"01950e42-0047-705c-988f-40615cad2d99","payment_method":"","address":"","warehouse_id":"3c4d1ceb-93d4-4233-aea7-700bf51e5051","sku":[{"id":"502a7a6a-ef9a-46ce-b9ff-cb33b21fdbec","quantity":5},{"id":"b32b86b0-aa0a-4bea-806c-61f0250a8c28","quantity":2}]},"route":"","time":"2025-02-16T10:16:01Z"}
{"app_name":"Ecommerce-Api","app_version":"1.0","level":"info","log_type":"Consumer","msg":"consume check stock reversal","time":"2025-02-16T10:16:04Z"}
{"app_name":"Ecommerce-Api","app_version":"1.0","level":"info","log_type":"Query","msg":"SELECT status FROM `order` WHERE id = ?","time":"2025-02-16T10:16:04Z"}
{"app_name":"Ecommerce-Api","app_version":"1.0","level":"info","log_type":"Query","msg":"UPDATE `order` SET status = ? WHERE id = ?","time":"2025-02-16T10:16:04Z"}
{"app_name":"Ecommerce-Api","app_version":"1.0","level":"info","log_type":"Query","msg":"UPDATE warehouse_stock SET stock = stock + ? WHERE sku_id = ? AND warehouse_id = ?","time":"2025-02-16T10:16:04Z"}
{"app_name":"Ecommerce-Api","app_version":"1.0","level":"info","log_type":"Query","msg":"UPDATE warehouse_stock SET stock = stock + ? WHERE sku_id = ? AND warehouse_id = ?","time":"2025-02-16T10:16:04Z"}
{"app_name":"Ecommerce-Api","app_version":"1.0","level":"info","log_type":"Consumer","method":"","msg":"message acknowledged","request":{"order_id":"01950e42-0047-705c-988f-40615cad2d99","payment_method":"","address":"","warehouse_id":"3c4d1ceb-93d4-4233-aea7-700bf51e5051","sku":[{"id":"502a7a6a-ef9a-46ce-b9ff-cb33b21fdbec","quantity":5},{"id":"b32b86b0-aa0a-4bea-806c-61f0250a8c28","quantity":2}]},"route":"","time":"2025-02-16T10:16:04Z"}
{"app_name":"Ecommerce-Api","app_version":"1.0","level":"info","log_type":"Query","msg":"SELECT \n\t\tws.sku_id,\n\t\tws.stock,\n\t\tsku.price\n\tFROM sku\n\tINNER JOIN warehouse_stock ws ON sku.id = ws.sku_id\n\tWHERE ws.warehouse_id = ? AND ws.sku_id IN (?,?) FOR UPDATE OF ws, sku","time":"2025-02-16T10:16:39Z"}
{"app_name":"Ecommerce-Api","app_version":"1.0","level":"info","log_type":"Query","msg":"INSERT INTO `order` (\n\tid,\n\tuser_id,\n\tpayment_method,\n\tamount,\n    status,\n\taddress) \n    VALUES (?, ?, ?, ?, ?, ?)","time":"2025-02-16T10:16:39Z"}
{"app_name":"Ecommerce-Api","app_version":"1.0","level":"info","log_type":"Query","msg":"INSERT INTO order_item (\n\t\tid,\n\t\torder_id,\n\t\tsku_id,\n\t\tquantity,\n\t\tprice\n\t) VALUES ","time":"2025-02-16T10:16:39Z"}
{"app_name":"Ecommerce-Api","app_version":"1.0","level":"info","log_type":"Query","msg":"UPDATE warehouse_stock SET stock = stock - ? WHERE sku_id = ? AND warehouse_id = ?","time":"2025-02-16T10:16:39Z"}
{"app_name":"Ecommerce-Api","app_version":"1.0","level":"info","log_type":"Query","msg":"UPDATE warehouse_stock SET stock = stock - ? WHERE sku_id = ? AND warehouse_id = ?","time":"2025-02-16T10:16:39Z"}
{"app_name":"Ecommerce-Api","app_version":"1.0","level":"info","log_type":"Response","method":"POST","msg":"success","request":{"address":"Jl. Cibaduyut Bandung","payment_method":"VA","sku":[{"id":"502a7a6a-ef9a-46ce-b9ff-cb33b21fdbec","quantity":5},{"id":"b32b86b0-aa0a-4bea-806c-61f0250a8c28","quantity":2}]},"route":"/transaction","time":"2025-02-16T10:16:39Z"}
{"app_name":"Ecommerce-Api","app_version":"1.0","level":"info","log_type":"Producer","method":"","msg":"message sent","request":{"order_id":"01950e42-95ee-75f5-959e-938f785c95f0","payment_method":"","address":"","warehouse_id":"3c4d1ceb-93d4-4233-aea7-700bf51e5051","sku":[{"id":"502a7a6a-ef9a-46ce-b9ff-cb33b21fdbec","quantity":5},{"id":"b32b86b0-aa0a-4bea-806c-61f0250a8c28","quantity":2}]},"route":"","time":"2025-02-16T10:16:39Z"}
{"app_name":"Ecommerce-Api","app_version":"1.0","level":"info","log_type":"Consumer","msg":"consume check stock reversal","time":"2025-02-16T10:16:42Z"}
{"app_name":"Ecommerce-Api","app_version":"1.0","level":"info","log_type":"Query","msg":"SELECT status FROM `order` WHERE id = ?","time":"2025-02-16T10:16:42Z"}
{"app_name":"Ecommerce-Api","app_version":"1.0","level":"info","log_type":"Query","msg":"UPDATE `order` SET status = ? WHERE id = ?","time":"2025-02-16T10:16:42Z"}
{"app_name":"Ecommerce-Api","app_version":"1.0","level":"info","log_type":"Query","msg":"UPDATE warehouse_stock SET stock = stock + ? WHERE sku_id = ? AND warehouse_id = ?","time":"2025-02-16T10:16:42Z"}
{"app_name":"Ecommerce-Api","app_version":"1.0","level":"info","log_type":"Query","msg":"UPDATE warehouse_stock SET stock = stock + ? WHERE sku_id = ? AND warehouse_id = ?","time":"2025-02-16T10:16:42Z"}
{"app_name":"Ecommerce-Api","app_version":"1.0","level":"info","log_type":"Consumer","method":"","msg":"message acknowledged","request":{"order_id":"01950e42-95ee-75f5-959e-938f785c95f0","payment_method":"","address":"","warehouse_id":"3c4d1ceb-93d4-4233-aea7-700bf51e5051","sku":[{"id":"502a7a6a-ef9a-46ce-b9ff-cb33b21fdbec","quantity":5},{"id":"b32b86b0-aa0a-4bea-806c-61f0250a8c28","quantity":2}]},"route":"","time":"2025-02-16T10:16:42Z"}
{"app_name":"Ecommerce-Api","app_version":"1.0","level":"info","log_type":"Query","msg":"SELECT \n\t\tws.sku_id,\n\t\tws.stock,\n\t\tsku.price\n\tFROM sku\n\tINNER JOIN warehouse_stock ws ON sku.id = ws.sku_id\n\tWHERE ws.warehouse_id = ? AND ws.sku_id IN (?,?) FOR UPDATE OF ws, sku","time":"2025-02-16T10:28:04Z"}
{"app_name":"Ecommerce-Api","app_version":"1.0","level":"info","log_type":"Query","msg":"INSERT INTO `order` (\n\tid,\n\tuser_id,\n\tpayment_method,\n\tamount,\n    status,\n\taddress) \n    VALUES (?, ?, ?, ?, ?, ?)","time":"2025-02-16T10:28:04Z"}
{"app_name":"Ecommerce-Api","app_version":"1.0","level":"info","log_type":"Query","msg":"INSERT INTO order_item (\n\t\tid,\n\t\torder_id,\n\t\tsku_id,\n\t\tquantity,\n\t\tprice\n\t) VALUES ","time":"2025-02-16T10:28:04Z"}
{"app_name":"Ecommerce-Api","app_version":"1.0","level":"info","log_type":"Query","msg":"UPDATE warehouse_stock SET stock = stock - ? WHERE sku_id = ? AND warehouse_id = ?","time":"2025-02-16T10:28:04Z"}
{"app_name":"Ecommerce-Api","app_version":"1.0","level":"info","log_type":"Query","msg":"UPDATE warehouse_stock SET stock = stock - ? WHERE sku_id = ? AND warehouse_id = ?","time":"2025-02-16T10:28:04Z"}
{"app_name":"Ecommerce-Api","app_version":"1.0","level":"info","log_type":"Response","method":"POST","msg":"success","request":{"address":"Jl. Cibaduyut Bandung","payment_method":"VA","sku":[{"id":"502a7a6a-ef9a-46ce-b9ff-cb33b21fdbec","quantity":5},{"id":"b32b86b0-aa0a-4bea-806c-61f0250a8c28","quantity":2}]},"route":"/transaction","time":"2025-02-16T10:28:04Z"}
{"app_name":"Ecommerce-Api","app_version":"1.0","level":"info","log_type":"Producer","method":"","msg":"message sent","request":{"order_id":"01950e4d-08ff-764a-b4a9-66413f263db5","payment_method":"","address":"","warehouse_id":"3c4d1ceb-93d4-4233-aea7-700bf51e5051","sku":[{"id":"502a7a6a-ef9a-46ce-b9ff-cb33b21fdbec","quantity":5},{"id":"b32b86b0-aa0a-4bea-806c-61f0250a8c28","quantity":2}]},"route":"","time":"2025-02-16T10:28:04Z"}
{"app_name":"Ecommerce-Api","app_version":"1.0","level":"info","log_type":"Consumer","msg":"consume check stock reversal","time":"2025-02-16T10:28:07Z"}
{"app_name":"Ecommerce-Api","app_version":"1.0","level":"info","log_type":"Query","msg":"SELECT status FROM `order` WHERE id = ?","time":"2025-02-16T10:28:07Z"}
{"app_name":"Ecommerce-Api","app_version":"1.0","level":"info","log_type":"Query","msg":"UPDATE `order` SET status = ? WHERE id = ?","time":"2025-02-16T10:28:07Z"}
{"app_name":"Ecommerce-Api","app_version":"1.0","level":"info","log_type":"Query","msg":"UPDATE warehouse_stock SET stock = stock + ? WHERE sku_id = ? AND warehouse_id = ?","time":"2025-02-16T10:28:07Z"}
{"app_name":"Ecommerce-Api","app_version":"1.0","level":"info","log_type":"Query","msg":"UPDATE warehouse_stock SET stock = stock + ? WHERE sku_id = ? AND warehouse_id = ?","time":"2025-02-16T10:28:07Z"}
{"app_name":"Ecommerce-Api","app_version":"1.0","level":"info","log_type":"Consumer","method":"","msg":"message acknowledged","request":{"order_id":"01950e4d-08ff-764a-b4a9-66413f263db5","payment_method":"","address":"","warehouse_id":"3c4d1ceb-93d4-4233-aea7-700bf51e5051","sku":[{"id":"502a7a6a-ef9a-46ce-b9ff-cb33b21fdbec","quantity":5},{"id":"b32b86b0-aa0a-4bea-806c-61f0250a8c28","quantity":2}]},"route":"","time":"2025-02-16T10:28:07Z"}
{"app_name":"Ecommerce-Api","app_version":"1.0","level":"info","log_type":"Query","msg":"SELECT \n\t\tws.sku_id,\n\t\tws.stock,\n\t\tsku.price\n\tFROM sku\n\tINNER JOIN warehouse_stock ws ON sku.id = ws.sku_id\n\tWHERE ws.warehouse_id = ? AND ws.sku_id IN (?,?) FOR UPDATE OF ws, sku","time":"2025-02-16T11:10:01Z"}
{"app_name":"Ecommerce-Api","app_version":"1.0","level":"info","log_type":"Query","msg":"INSERT INTO `order` (\n\tid,\n\tuser_id,\n\tpayment_method,\n\tamount,\n    status,\n\taddress) \n    VALUES (?, ?, ?, ?, ?, ?)","time":"2025-02-16T11:10:01Z"}
{"app_name":"Ecommerce-Api","app_version":"1.0","level":"info","log_type":"Query","msg":"INSERT INTO order_item (\n\t\tid,\n\t\torder_id,\n\t\tsku_id,\n\t\tquantity,\n\t\tprice\n\t) VALUES ","time":"2025-02-16T11:10:01Z"}
{"app_name":"Ecommerce-Api","app_version":"1.0","level":"info","log_type":"Query","msg":"UPDATE warehouse_stock SET stock = stock - ? WHERE sku_id = ? AND warehouse_id = ?","time":"2025-02-16T11:10:01Z"}
{"app_name":"Ecommerce-Api","app_version":"1.0","level":"info","log_type":"Query","msg":"UPDATE warehouse_stock SET stock = stock - ? WHERE sku_id = ? AND warehouse_id = ?","time":"2025-02-16T11:10:01Z"}
{"app_name":"Ecommerce-Api","app_version":"1.0","level":"info","log_type":"Response","method":"POST","msg":"success","request":{"address":"Jl. Cibaduyut Bandung","payment_method":"VA","sku":[{"id":"502a7a6a-ef9a-46ce-b9ff-cb33b21fdbec","quantity":5},{"id":"b32b86b0-aa0a-4bea-806c-61f0250a8c28","quantity":2}]},"route":"/transaction","time":"2025-02-16T11:10:01Z"}
{"app_name":"Ecommerce-Api","app_version":"1.0","level":"info","log_type":"Producer","method":"","msg":"message sent","request":{"order_id":"01950e73-707e-70ba-b05c-86a8a332f515","payment_method":"","address":"","warehouse_id":"3c4d1ceb-93d4-4233-aea7-700bf51e5051","sku":[{"id":"502a7a6a-ef9a-46ce-b9ff-cb33b21fdbec","quantity":5},{"id":"b32b86b0-aa0a-4bea-806c-61f0250a8c28","quantity":2}]},"route":"","time":"2025-02-16T11:10:01Z"}
{"app_name":"Ecommerce-Api","app_version":"1.0","level":"info","log_type":"Consumer","msg":"consume check stock reversal","time":"2025-02-16T11:10:07Z"}
{"app_name":"Ecommerce-Api","app_version":"1.0","level":"info","log_type":"Query","msg":"SELECT status FROM `order` WHERE id = ?","time":"2025-02-16T11:10:07Z"}
{"app_name":"Ecommerce-Api","app_version":"1.0","level":"info","log_type":"Query","msg":"UPDATE `order` SET status = ? WHERE id = ?","time":"2025-02-16T11:10:07Z"}
{"app_name":"Ecommerce-Api","app_version":"1.0","level":"info","log_type":"Query","msg":"UPDATE warehouse_stock SET stock = stock + ? WHERE sku_id = ? AND warehouse_id = ?","time":"2025-02-16T11:10:07Z"}
{"app_name":"Ecommerce-Api","app_version":"1.0","level":"info","log_type":"Query","msg":"UPDATE warehouse_stock SET stock = stock + ? WHERE sku_id = ? AND warehouse_id = ?","time":"2025-02-16T11:10:07Z"}
{"app_name":"Ecommerce-Api","app_version":"1.0","level":"info","log_type":"Consumer","method":"","msg":"message acknowledged","request":{"order_id":"01950e73-707e-70ba-b05c-86a8a332f515","payment_method":"","address":"","warehouse_id":"3c4d1ceb-93d4-4233-aea7-700bf51e5051","sku":[{"id":"502a7a6a-ef9a-46ce-b9ff-cb33b21fdbec","quantity":5},{"id":"b32b86b0-aa0a-4bea-806c-61f0250a8c28","quantity":2}]},"route":"","time":"2025-02-16T11:10:07Z"}
{"app_name":"Ecommerce-Api","app_version":"1.0","level":"info","log_type":"Query","msg":"SELECT \n\t\tws.sku_id,\n\t\tws.stock,\n\t\tsku.price\n\tFROM sku\n\tINNER JOIN warehouse_stock ws ON sku.id = ws.sku_id\n\tWHERE ws.warehouse_id = ? AND ws.sku_id IN (?,?) FOR UPDATE OF ws, sku","time":"2025-02-16T11:12:19Z"}
{"app_name":"Ecommerce-Api","app_version":"1.0","level":"info","log_type":"Query","msg":"INSERT INTO `order` (\n\tid,\n\tuser_id,\n\tpayment_method,\n\tamount,\n    status,\n\taddress) \n    VALUES (?, ?, ?, ?, ?, ?)","time":"2025-02-16T11:12:19Z"}
{"app_name":"Ecommerce-Api","app_version":"1.0","level":"info","log_type":"Query","msg":"INSERT INTO order_item (\n\t\tid,\n\t\torder_id,\n\t\tsku_id,\n\t\tquantity,\n\t\tprice\n\t) VALUES ","time":"2025-02-16T11:12:19Z"}
{"app_name":"Ecommerce-Api","app_version":"1.0","level":"info","log_type":"Query","msg":"UPDATE warehouse_stock SET stock = stock - ? WHERE sku_id = ? AND warehouse_id = ?","time":"2025-02-16T11:12:19Z"}
{"app_name":"Ecommerce-Api","app_version":"1.0","level":"info","log_type":"Query","msg":"UPDATE warehouse_stock SET stock = stock - ? WHERE sku_id = ? AND warehouse_id = ?","time":"2025-02-16T11:12:19Z"}
{"app_name":"Ecommerce-Api","app_version":"1.0","level":"info","log_type":"Response","method":"POST","msg":"success","request":{"address":"Jl. Cibaduyut Bandung","payment_method":"VA","sku":[{"id":"502a7a6a-ef9a-46ce-b9ff-cb33b21fdbec","quantity":5},{"id":"b32b86b0-aa0a-4bea-806c-61f0250a8c28","quantity":2}]},"route":"/transaction","time":"2025-02-16T11:12:20Z"}
{"app_name":"Ecommerce-Api","app_version":"1.0","level":"info","log_type":"Producer","method":"","msg":"message sent","request":{"order_id":"01950e75-8dd3-7346-82d9-90c4c440bf3b","payment_method":"","address":"","warehouse_id":"3c4d1ceb-93d4-4233-aea7-700bf51e5051","sku":[{"id":"502a7a6a-ef9a-46ce-b9ff-cb33b21fdbec","quantity":5},{"id":"b32b86b0-aa0a-4bea-806c-61f0250a8c28","quantity":2}]},"route":"","time":"2025-02-16T11:12:20Z"}
{"app_name":"Ecommerce-Api","app_version":"1.0","level":"info","log_type":"Consumer","msg":"consume check stock reversal","time":"2025-02-16T11:17:20Z"}
{"app_name":"Ecommerce-Api","app_version":"1.0","level":"info","log_type":"Query","msg":"SELECT status FROM `order` WHERE id = ?","time":"2025-02-16T11:17:20Z"}
{"app_name":"Ecommerce-Api","app_version":"1.0","level":"info","log_type":"Query","msg":"UPDATE `order` SET status = ? WHERE id = ?","time":"2025-02-16T11:17:20Z"}
{"app_name":"Ecommerce-Api","app_version":"1.0","level":"info","log_type":"Query","msg":"UPDATE warehouse_stock SET stock = stock + ? WHERE sku_id = ? AND warehouse_id = ?","time":"2025-02-16T11:17:20Z"}
{"app_name":"Ecommerce-Api","app_version":"1.0","level":"info","log_type":"Query","msg":"UPDATE warehouse_stock SET stock = stock + ? WHERE sku_id = ? AND warehouse_id = ?","time":"2025-02-16T11:17:20Z"}
{"app_name":"Ecommerce-Api","app_version":"1.0","level":"info","log_type":"Consumer","method":"","msg":"message acknowledged","request":{"order_id":"01950e75-8dd3-7346-82d9-90c4c440bf3b","payment_method":"","address":"","warehouse_id":"3c4d1ceb-93d4-4233-aea7-700bf51e5051","sku":[{"id":"502a7a6a-ef9a-46ce-b9ff-cb33b21fdbec","quantity":5},{"id":"b32b86b0-aa0a-4bea-806c-61f0250a8c28","quantity":2}]},"route":"","time":"2025-02-16T11:17:20Z"}
