{"app_name":"","app_version":"","level":"error","log_type":"Response","method":"POST","msg":"token tidak valid","request":{"sku_id":"b32b86b0-aa0a-4bea-806c-61f0250a8c28","stock":10,"warehouse_id":"5daf7427-fb6a-4ccb-8d54-2c496503f04c"},"route":"/warehouse/stock","time":"2025-02-15T12:29:01Z"}
{"app_name":"","app_version":"","level":"info","log_type":"Query","msg":"select id, username, password from admin where username = ?","time":"2025-02-15T12:32:51Z"}
{"app_name":"","app_version":"","level":"info","log_type":"Response","method":"POST","msg":"Response","request":{"password":"123","username":"dedih"},"route":"/admin/login","time":"2025-02-15T12:32:51Z"}
{"app_name":"","app_version":"","level":"info","log_type":"Query","msg":"SELECT EXISTS(SELECT 1 FROM warehouse_stock WHERE warehouse_id = ? AND sku_id = ?)","time":"2025-02-15T12:33:08Z"}
{"app_name":"","app_version":"","level":"info","log_type":"Query","msg":"INSERT INTO stock (id, warehouse_id, sku_id, stock) VALUES (?, ?, ?, ?)","time":"2025-02-15T12:33:08Z"}
{"app_name":"","app_version":"","level":"error","log_type":"Response","method":"POST","msg":"Error 1146 (42S02): Table 'ecommerce.stock' doesn't exist","request":{"sku_id":"b32b86b0-aa0a-4bea-806c-61f0250a8c28","stock":10,"warehouse_id":"5daf7427-fb6a-4ccb-8d54-2c496503f04c"},"route":"/warehouse/stock","time":"2025-02-15T12:33:08Z"}
{"app_name":"","app_version":"","level":"info","log_type":"Query","msg":"SELECT EXISTS(SELECT 1 FROM warehouse_stock WHERE warehouse_id = ? AND sku_id = ?)","time":"2025-02-15T12:35:16Z"}
{"app_name":"","app_version":"","level":"info","log_type":"Query","msg":"INSERT INTO stock (id, warehouse_id, sku_id, stock) VALUES (?, ?, ?, ?)","time":"2025-02-15T12:35:16Z"}
{"app_name":"","app_version":"","level":"error","log_type":"Response","method":"POST","msg":"Error 1146 (42S02): Table 'ecommerce.stock' doesn't exist","request":{"sku_id":"b32b86b0-aa0a-4bea-806c-61f0250a8c28","stock":10,"warehouse_id":"5daf7427-fb6a-4ccb-8d54-2c496503f04c"},"route":"/warehouse/stock","time":"2025-02-15T12:35:16Z"}
{"app_name":"","app_version":"","level":"info","log_type":"Query","msg":"SELECT EXISTS(SELECT 1 FROM warehouse_stock WHERE warehouse_id = ? AND sku_id = ?)","time":"2025-02-15T12:36:38Z"}
{"app_name":"","app_version":"","level":"info","log_type":"Query","msg":"INSERT INTO warehouse_stock (id, warehouse_id, sku_id, stock) VALUES (?, ?, ?, ?)","time":"2025-02-15T12:36:38Z"}
{"app_name":"","app_version":"","level":"info","log_type":"Response","method":"POST","msg":"Response","request":{"sku_id":"b32b86b0-aa0a-4bea-806c-61f0250a8c28","stock":10,"warehouse_id":"5daf7427-fb6a-4ccb-8d54-2c496503f04c"},"route":"/warehouse/stock","time":"2025-02-15T12:36:38Z"}
{"app_name":"","app_version":"","level":"info","log_type":"Query","msg":"SELECT EXISTS(SELECT 1 FROM warehouse_stock WHERE warehouse_id = ? AND sku_id = ?)","time":"2025-02-15T12:36:58Z"}
{"app_name":"","app_version":"","level":"error","log_type":"Response","method":"POST","msg":"stok untuk SKU ini sudah ada","request":{"sku_id":"b32b86b0-aa0a-4bea-806c-61f0250a8c28","stock":10,"warehouse_id":"5daf7427-fb6a-4ccb-8d54-2c496503f04c"},"route":"/warehouse/stock","time":"2025-02-15T12:36:58Z"}
{"app_name":"","app_version":"","level":"error","log_type":"Response","method":"POST","msg":"authorization header tidak ditemukan","request":{"from":"3c4d1ceb-93d4-4233-aea7-700bf51e5051","quantity":10,"sku_id":"502a7a6a-ef9a-46ce-b9ff-cb33b21fdbec","to":"5daf7427-fb6a-4ccb-8d54-2c496503f04c"},"route":"/warehouse/stock","time":"2025-02-15T12:45:14Z"}
{"app_name":"","app_version":"","level":"info","log_type":"Query","msg":"SELECT EXISTS(SELECT 1 FROM warehouse_stock WHERE warehouse_id = ? AND sku_id = ?)","time":"2025-02-15T12:45:36Z"}
{"app_name":"","app_version":"","level":"info","log_type":"Query","msg":"INSERT INTO warehouse_stock (id, warehouse_id, sku_id, stock) VALUES (?, ?, ?, ?)","time":"2025-02-15T12:45:36Z"}
{"app_name":"","app_version":"","level":"info","log_type":"Response","method":"POST","msg":"Response","request":{"from":"3c4d1ceb-93d4-4233-aea7-700bf51e5051","quantity":10,"sku_id":"502a7a6a-ef9a-46ce-b9ff-cb33b21fdbec","to":"5daf7427-fb6a-4ccb-8d54-2c496503f04c"},"route":"/warehouse/stock","time":"2025-02-15T12:45:36Z"}
{"app_name":"","app_version":"","level":"info","log_type":"Query","msg":"SELECT EXISTS(SELECT 1 FROM warehouse_stock WHERE warehouse_id = ? AND sku_id = ?)","time":"2025-02-15T12:49:13Z"}
{"app_name":"","app_version":"","level":"info","log_type":"Query","msg":"INSERT INTO warehouse_stock (id, warehouse_id, sku_id, stock) VALUES (?, ?, ?, ?)","time":"2025-02-15T12:49:13Z"}
{"app_name":"","app_version":"","level":"info","log_type":"Response","method":"POST","msg":"Response","request":{"from":"3c4d1ceb-93d4-4233-aea7-700bf51e5051","quantity":10,"sku_id":"502a7a6a-ef9a-46ce-b9ff-cb33b21fdbec","to":"5daf7427-fb6a-4ccb-8d54-2c496503f04c"},"route":"/warehouse/stock","time":"2025-02-15T12:49:13Z"}
{"app_name":"","app_version":"","level":"error","log_type":"Response","method":"POST","msg":"Key: 'CreateStockRequest.WarehouseId' Error:Field validation for 'WarehouseId' failed on the 'required' tag\nKey: 'CreateStockRequest.Stock' Error:Field validation for 'Stock' failed on the 'required' tag","request":{"from":"3c4d1ceb-93d4-4233-aea7-700bf51e5051","quantity":10,"sku_id":"502a7a6a-ef9a-46ce-b9ff-cb33b21fdbec","to":"5daf7427-fb6a-4ccb-8d54-2c496503f04c"},"route":"/warehouse/stock","time":"2025-02-15T12:49:43Z"}
{"app_name":"","app_version":"","level":"info","log_type":"Query","msg":"SELECT stock FROM warehouse_stock WHERE warehouse_id = ? AND sku_id = ?","time":"2025-02-15T12:51:10Z"}
{"app_name":"","app_version":"","level":"info","log_type":"Query","msg":"SELECT EXISTS(SELECT 1 FROM warehouse_stock WHERE warehouse_id = ? AND sku_id = ?)","time":"2025-02-15T12:51:10Z"}
{"app_name":"","app_version":"","level":"error","log_type":"Response","method":"POST","msg":"stock untuk SKU ini tidak ditemukan","request":{"from":"3c4d1ceb-93d4-4233-aea7-700bf51e5051","quantity":10,"sku_id":"502a7a6a-ef9a-46ce-b9ff-cb33b21fdbec","to":"5daf7427-fb6a-4ccb-8d54-2c496503f04c"},"route":"/warehouse/stock-transfer","time":"2025-02-15T12:51:10Z"}
{"app_name":"","app_version":"","level":"info","log_type":"Query","msg":"SELECT stock FROM warehouse_stock WHERE warehouse_id = ? AND sku_id = ?","time":"2025-02-15T12:51:38Z"}
{"app_name":"","app_version":"","level":"error","log_type":"Response","method":"POST","msg":"Stok tidak cukup","request":{"from":"3c4d1ceb-93d4-4233-aea7-700bf51e5051","quantity":1000,"sku_id":"b32b86b0-aa0a-4bea-806c-61f0250a8c28","to":"5daf7427-fb6a-4ccb-8d54-2c496503f04c"},"route":"/warehouse/stock-transfer","time":"2025-02-15T12:51:38Z"}
{"app_name":"","app_version":"","level":"info","log_type":"Query","msg":"SELECT stock FROM warehouse_stock WHERE warehouse_id = ? AND sku_id = ?","time":"2025-02-15T12:51:51Z"}
{"app_name":"","app_version":"","level":"info","log_type":"Query","msg":"SELECT EXISTS(SELECT 1 FROM warehouse_stock WHERE warehouse_id = ? AND sku_id = ?)","time":"2025-02-15T12:51:51Z"}
{"app_name":"","app_version":"","level":"info","log_type":"Query","msg":"UPDATE warehouse_stock SET stock = stock - ? WHERE warehouse_id = ? AND sku_id = ?","time":"2025-02-15T12:51:51Z"}
{"app_name":"","app_version":"","level":"info","log_type":"Query","msg":"UPDATE warehouse_stock SET stock = stock + ? WHERE warehouse_id = ? AND sku_id = ?","time":"2025-02-15T12:51:51Z"}
{"app_name":"","app_version":"","level":"info","log_type":"Query","msg":"INSERT INTO stock_transfer (id, from_warehouse_id, to_warehouse_id, sku_id, quantity) VALUES (?, ?, ?, ?, ?)","time":"2025-02-15T12:51:51Z"}
{"app_name":"","app_version":"","level":"info","log_type":"Response","method":"POST","msg":"Response","request":{"from":"3c4d1ceb-93d4-4233-aea7-700bf51e5051","quantity":10,"sku_id":"b32b86b0-aa0a-4bea-806c-61f0250a8c28","to":"5daf7427-fb6a-4ccb-8d54-2c496503f04c"},"route":"/warehouse/stock-transfer","time":"2025-02-15T12:51:51Z"}
{"app_name":"","app_version":"","level":"info","log_type":"Query","msg":"SELECT stock FROM warehouse_stock WHERE warehouse_id = ? AND sku_id = ?","time":"2025-02-15T12:52:05Z"}
{"app_name":"","app_version":"","level":"info","log_type":"Query","msg":"SELECT EXISTS(SELECT 1 FROM warehouse_stock WHERE warehouse_id = ? AND sku_id = ?)","time":"2025-02-15T12:52:05Z"}
{"app_name":"","app_version":"","level":"info","log_type":"Query","msg":"UPDATE warehouse_stock SET stock = stock - ? WHERE warehouse_id = ? AND sku_id = ?","time":"2025-02-15T12:52:05Z"}
{"app_name":"","app_version":"","level":"info","log_type":"Query","msg":"UPDATE warehouse_stock SET stock = stock + ? WHERE warehouse_id = ? AND sku_id = ?","time":"2025-02-15T12:52:05Z"}
{"app_name":"","app_version":"","level":"info","log_type":"Query","msg":"INSERT INTO stock_transfer (id, from_warehouse_id, to_warehouse_id, sku_id, quantity) VALUES (?, ?, ?, ?, ?)","time":"2025-02-15T12:52:05Z"}
{"app_name":"","app_version":"","level":"info","log_type":"Response","method":"POST","msg":"Response","request":{"from":"3c4d1ceb-93d4-4233-aea7-700bf51e5051","quantity":10,"sku_id":"b32b86b0-aa0a-4bea-806c-61f0250a8c28","to":"5daf7427-fb6a-4ccb-8d54-2c496503f04c"},"route":"/warehouse/stock-transfer","time":"2025-02-15T12:52:05Z"}
{"app_name":"","app_version":"","level":"info","log_type":"Query","msg":"SELECT EXISTS(SELECT 1 FROM warehouse_stock WHERE id = ?)","time":"2025-02-15T12:53:42Z"}
{"app_name":"","app_version":"","level":"info","log_type":"Query","msg":"UPDATE warehouse_stock SET stock = ? WHERE id = ?","time":"2025-02-15T12:53:42Z"}
{"app_name":"","app_version":"","level":"info","log_type":"Response","method":"PUT","msg":"Response","request":{"stock":25},"route":"/warehouse/stock/0195099c-6081-72d9-bd7e-d103ee0e99d8","time":"2025-02-15T12:53:42Z"}
{"app_name":"Ecommerce-Api","app_version":"1.0","level":"info","log_type":"Query","msg":"SELECT EXISTS(SELECT 1 FROM warehouse_stock WHERE id = ?)","time":"2025-02-15T12:56:54Z"}
{"app_name":"Ecommerce-Api","app_version":"1.0","level":"info","log_type":"Query","msg":"UPDATE warehouse_stock SET stock = ? WHERE id = ?","time":"2025-02-15T12:56:54Z"}
{"app_name":"Ecommerce-Api","app_version":"1.0","level":"info","log_type":"Response","method":"PUT","msg":"stok berhasil diubah","request":{"stock":20},"route":"/warehouse/stock/0195099c-6081-72d9-bd7e-d103ee0e99d8","time":"2025-02-15T12:56:54Z"}
{"app_name":"Ecommerce-Api","app_version":"1.0","level":"info","log_type":"Query","msg":"SELECT EXISTS(SELECT 1 FROM warehouse_stock WHERE id = ?)","time":"2025-02-15T14:34:51Z"}
{"app_name":"Ecommerce-Api","app_version":"1.0","level":"info","log_type":"Query","msg":"UPDATE warehouse_stock SET stock = ? WHERE id = ?","time":"2025-02-15T14:34:51Z"}
{"app_name":"Ecommerce-Api","app_version":"1.0","level":"info","log_type":"Response","method":"PUT","msg":"stok berhasil diubah","request":{"stock":20},"route":"/warehouse/stock/0195099c-6081-72d9-bd7e-d103ee0e99d8","time":"2025-02-15T14:34:51Z"}
{"app_name":"Ecommerce-Api","app_version":"1.0","level":"info","log_type":"Query","msg":"SELECT EXISTS(SELECT 1 FROM warehouse_stock WHERE id = ?)","time":"2025-02-15T14:39:28Z"}
{"app_name":"Ecommerce-Api","app_version":"1.0","level":"info","log_type":"Query","msg":"UPDATE warehouse_stock SET stock = ? WHERE id = ?","time":"2025-02-15T14:39:28Z"}
{"app_name":"Ecommerce-Api","app_version":"1.0","level":"info","log_type":"Response","method":"PUT","msg":"stok berhasil diubah","request":{"stock":20},"route":"/warehouse/stock/0195099c-6081-72d9-bd7e-d103ee0e99d8","time":"2025-02-15T14:39:28Z"}
{"app_name":"Ecommerce-Api","app_version":"1.0","level":"info","log_type":"Query","msg":"select EXISTS(select 1 from warehouse where id = ?)","time":"2025-02-15T14:41:46Z"}
{"app_name":"Ecommerce-Api","app_version":"1.0","level":"info","log_type":"Query","msg":"select id, phone, password, warehouse_id from user where phone = ?","time":"2025-02-15T14:41:46Z"}
{"app_name":"Ecommerce-Api","app_version":"1.0","level":"error","log_type":"Response","method":"POST","msg":"%!w(\u003cnil\u003e)","request":{"address":"jakarta selatan","gender":"male","name":"dedi","password":"123","phone":"08982510066","warehouse_id":"3c4d1ceb-93d4-4233-aea7-700bf51e5051"},"route":"/register","time":"2025-02-15T14:41:46Z"}
{"app_name":"Ecommerce-Api","app_version":"1.0","level":"info","log_type":"Query","msg":"select EXISTS(select 1 from warehouse where id = ?)","time":"2025-02-15T14:45:59Z"}
{"app_name":"Ecommerce-Api","app_version":"1.0","level":"info","log_type":"Query","msg":"select id, phone, password, warehouse_id from user where phone = ?","time":"2025-02-15T14:45:59Z"}
{"app_name":"Ecommerce-Api","app_version":"1.0","level":"error","log_type":"Response","method":"POST","msg":"Email already exists","request":{"address":"jakarta selatan","gender":"male","name":"dedi","password":"123","phone":"08982510066","warehouse_id":"3c4d1ceb-93d4-4233-aea7-700bf51e5051"},"route":"/register","time":"2025-02-15T14:45:59Z"}
{"app_name":"Ecommerce-Api","app_version":"1.0","level":"info","log_type":"Query","msg":"select EXISTS(select 1 from warehouse where id = ?)","time":"2025-02-15T15:30:51Z"}
{"app_name":"Ecommerce-Api","app_version":"1.0","level":"info","log_type":"Query","msg":"select id, phone, password, warehouse_id from user where phone = ?","time":"2025-02-15T15:30:51Z"}
{"app_name":"Ecommerce-Api","app_version":"1.0","level":"error","log_type":"Response","method":"POST","msg":"Email already exists","request":{"address":"jakarta selatan","gender":"male","name":"dedi","password":"123","phone":"08982510066","warehouse_id":"3c4d1ceb-93d4-4233-aea7-700bf51e5051"},"route":"/register","time":"2025-02-15T15:30:51Z"}
{"app_name":"Ecommerce-Api","app_version":"1.0","level":"info","log_type":"Query","msg":"\n\tINSERT INTO shop (id, name)\n\tVALUES (?, ?)\n\t","time":"2025-02-15T16:21:32Z"}
{"app_name":"Ecommerce-Api","app_version":"1.0","level":"info","log_type":"Response","method":"POST","msg":"Shop created successfully","request":{"name":"shop 2"},"route":"/shop","time":"2025-02-15T16:21:32Z"}
{"app_name":"Ecommerce-Api","app_version":"1.0","level":"info","log_type":"Query","msg":"SELECT EXISTS(SELECT 1 FROM shop WHERE id = ?)","time":"2025-02-15T16:24:00Z"}
{"app_name":"Ecommerce-Api","app_version":"1.0","level":"info","log_type":"Query","msg":"INSERT INTO warehouse (id, location, address, shop_id) VALUES (?, ?, ?, ?)","time":"2025-02-15T16:24:00Z"}
{"app_name":"Ecommerce-Api","app_version":"1.0","level":"info","log_type":"Response","method":"POST","msg":"Warehouse created successfully","request":{"address":"Jl. Tangerang","location":"Tangerang","shop_id":"35ffcc6c-be96-4a35-a1a6-d4108c313b45"},"route":"/warehouse","time":"2025-02-15T16:24:00Z"}
{"app_name":"Ecommerce-Api","app_version":"1.0","level":"info","log_type":"Query","msg":"SELECT EXISTS(SELECT 1 FROM shop WHERE id = ?)","time":"2025-02-15T16:24:48Z"}
{"app_name":"Ecommerce-Api","app_version":"1.0","level":"info","log_type":"Query","msg":"INSERT INTO warehouse (id, location, address, shop_id) VALUES (?, ?, ?, ?)","time":"2025-02-15T16:24:48Z"}
{"app_name":"Ecommerce-Api","app_version":"1.0","level":"info","log_type":"Response","method":"POST","msg":"Warehouse created successfully","request":{"address":"Jl. Tangerang","location":"Tangerang","shop_id":"01950a6a-4816-7e58-a15a-fbd229ed3e72"},"route":"/warehouse","time":"2025-02-15T16:24:48Z"}
{"app_name":"Ecommerce-Api","app_version":"1.0","level":"info","log_type":"Query","msg":"INSERT INTO product (id, name, shop_id) VALUES (?, ?, ?)","time":"2025-02-15T16:27:38Z"}
{"app_name":"Ecommerce-Api","app_version":"1.0","level":"error","log_type":"Response","method":"POST","msg":"Error 1364 (HY000): Field 'created_by' doesn't have a default value","request":{"name":"Sabun Colek","shop_id":"5daf7427-fb6a-4ccb-8d54-2c496503f04c","sku":[{"price":10000,"uom":"renceng","variant":"wangi jeruk nipis"}]},"route":"/product","time":"2025-02-15T16:27:38Z"}
{"app_name":"Ecommerce-Api","app_version":"1.0","level":"info","log_type":"Query","msg":"INSERT INTO product (id, name, shop_id) VALUES (?, ?, ?)","time":"2025-02-15T16:30:43Z"}
{"app_name":"Ecommerce-Api","app_version":"1.0","level":"error","log_type":"Response","method":"POST","msg":"Error 1364 (HY000): Field 'created_by' doesn't have a default value","request":{"name":"Sabun Colek","shop_id":"5daf7427-fb6a-4ccb-8d54-2c496503f04c","sku":[{"price":10000,"uom":"renceng","variant":"wangi jeruk nipis"}]},"route":"/product","time":"2025-02-15T16:30:43Z"}
{"app_name":"Ecommerce-Api","app_version":"1.0","level":"info","log_type":"Query","msg":"INSERT INTO product (id, name, shop_id, created_by) VALUES (?, ?, ?, ?)","time":"2025-02-15T16:31:42Z"}
{"app_name":"Ecommerce-Api","app_version":"1.0","level":"info","log_type":"Query","msg":"INSERT INTO sku (id, product_id, variant, price, uom, image, created_by) VALUES (?, ?, ?, ?, ?, ?, ?)","time":"2025-02-15T16:31:43Z"}
{"app_name":"Ecommerce-Api","app_version":"1.0","level":"info","log_type":"Response","method":"POST","msg":"success","request":{"name":"Sabun Colek","shop_id":"5daf7427-fb6a-4ccb-8d54-2c496503f04c","sku":[{"price":10000,"uom":"renceng","variant":"wangi jeruk nipis"}]},"route":"/product","time":"2025-02-15T16:31:43Z"}
{"app_name":"Ecommerce-Api","app_version":"1.0","level":"info","log_type":"Query","msg":"select id, phone, password, warehouse_id from user where phone = ?","time":"2025-02-15T16:32:25Z"}
{"app_name":"Ecommerce-Api","app_version":"1.0","level":"info","log_type":"Response","method":"POST","msg":"success","request":{"password":"123","phone":"08982510066"},"route":"/login","time":"2025-02-15T16:32:25Z"}
{"app_name":"Ecommerce-Api","app_version":"1.0","level":"info","log_type":"Query","msg":"\n\t\tSELECT \n\t\t\tp.id,\n\t\t\tp.name\n\t\tFROM product p\n\t\tINNER JOIN shop s ON p.shop_id = s.id\n\t\tINNER JOIN warehouse w ON s.id = w.shop_id\n\t\tWHERE p.deleted_at IS NULL AND w.id = ?\n\t\tGROUP BY p.id\n\t\tORDER BY p.created_at desc\n\t\tLIMIT ? OFFSET ?\n\t","time":"2025-02-15T16:32:44Z"}
{"app_name":"Ecommerce-Api","app_version":"1.0","level":"info","log_type":"Query","msg":"\n\t\tSELECT \n\t\t  p.id,\n\t\t  p.name,\n\t\t  s.price,\n\t\t  CASE WHEN w.is_active = 0 THEN 0 ELSE ws.stock END as stock,\n\t\t  s.variant,\n\t\t  COALESCE(s.image, \"\") as image,\n\t\t  s.uom,\n\t\t  s.id as sku_id\n\t\tFROM product p\n\t\tINNER JOIN sku s ON p.id = s.product_id AND s.deleted_at IS NULL\n\t\tINNER JOIN warehouse_stock ws ON s.id = ws.sku_id\n\t\tINNER JOIN warehouse w ON ws.warehouse_id = w.id\n\t\tWHERE p.deleted_at IS NULL AND p.id IN (?)\n\t","time":"2025-02-15T16:32:45Z"}
{"app_name":"Ecommerce-Api","app_version":"1.0","level":"info","log_type":"Query","msg":"SELECT \n\t\tCOUNT(*)\n\t\tFROM product p\n\t\tINNER JOIN shop s ON p.shop_id = s.id\n\t\tINNER JOIN warehouse w ON s.id = w.shop_id\n\t\tWHERE p.deleted_at IS NULL AND w.id = ?\n\t\tGROUP BY p.id","time":"2025-02-15T16:32:45Z"}
{"app_name":"Ecommerce-Api","app_version":"1.0","level":"info","log_type":"Response","method":"GET","msg":"success","request":"","route":"/product","time":"2025-02-15T16:32:45Z"}
{"app_name":"Ecommerce-Api","app_version":"1.0","level":"info","log_type":"Query","msg":"\n\t\tSELECT \n\t\t\tp.id,\n\t\t\tp.name\n\t\tFROM product p\n\t\tINNER JOIN shop s ON p.shop_id = s.id\n\t\tINNER JOIN warehouse w ON s.id = w.shop_id\n\t\tWHERE p.deleted_at IS NULL AND w.id = ?\n\t\tGROUP BY p.id\n\t\tORDER BY p.created_at desc\n\t\tLIMIT ? OFFSET ?\n\t","time":"2025-02-15T16:35:07Z"}
{"app_name":"Ecommerce-Api","app_version":"1.0","level":"info","log_type":"Query","msg":"\n\t\tSELECT \n\t\t  p.id,\n\t\t  p.name,\n\t\t  s.price,\n\t\t  CASE WHEN w.is_active = 0 THEN 0 ELSE ws.stock END as stock,\n\t\t  s.variant,\n\t\t  COALESCE(s.image, \"\") as image,\n\t\t  s.uom,\n\t\t  s.id as sku_id\n\t\tFROM product p\n\t\tINNER JOIN sku s ON p.id = s.product_id AND s.deleted_at IS NULL\n\t\tINNER JOIN warehouse_stock ws ON s.id = ws.sku_id\n\t\tINNER JOIN warehouse w ON ws.warehouse_id = w.id\n\t\tWHERE p.deleted_at IS NULL AND p.id IN (?)\n\t","time":"2025-02-15T16:35:07Z"}
{"app_name":"Ecommerce-Api","app_version":"1.0","level":"info","log_type":"Query","msg":"SELECT \n\t\tCOUNT(*)\n\t\tFROM product p\n\t\tINNER JOIN shop s ON p.shop_id = s.id\n\t\tINNER JOIN warehouse w ON s.id = w.shop_id\n\t\tWHERE p.deleted_at IS NULL AND w.id = ?\n\t\tGROUP BY p.id","time":"2025-02-15T16:35:07Z"}
{"app_name":"Ecommerce-Api","app_version":"1.0","level":"info","log_type":"Response","method":"GET","msg":"success","request":null,"route":"/product","time":"2025-02-15T16:35:07Z"}
{"app_name":"Ecommerce-Api","app_version":"1.0","level":"info","log_type":"Query","msg":"INSERT INTO product (id, name, shop_id, created_by) VALUES (?, ?, ?, ?)","time":"2025-02-15T16:35:16Z"}
{"app_name":"Ecommerce-Api","app_version":"1.0","level":"info","log_type":"Query","msg":"INSERT INTO sku (id, product_id, variant, price, uom, image, created_by) VALUES (?, ?, ?, ?, ?, ?, ?)","time":"2025-02-15T16:35:16Z"}
{"app_name":"Ecommerce-Api","app_version":"1.0","level":"info","log_type":"Response","method":"POST","msg":"success","request":{"name":"Sabun Colek","shop_id":"01950a6a-4816-7e58-a15a-fbd229ed3e72","sku":[{"price":10000,"uom":"renceng","variant":"wangi jeruk nipis"}]},"route":"/product","time":"2025-02-15T16:35:16Z"}
{"app_name":"Ecommerce-Api","app_version":"1.0","level":"info","log_type":"Query","msg":"\n\t\tSELECT \n\t\t\tp.id,\n\t\t\tp.name\n\t\tFROM product p\n\t\tINNER JOIN shop s ON p.shop_id = s.id\n\t\tINNER JOIN warehouse w ON s.id = w.shop_id\n\t\tWHERE p.deleted_at IS NULL AND w.id = ?\n\t\tGROUP BY p.id\n\t\tORDER BY p.created_at desc\n\t\tLIMIT ? OFFSET ?\n\t","time":"2025-02-15T16:35:33Z"}
{"app_name":"Ecommerce-Api","app_version":"1.0","level":"info","log_type":"Query","msg":"\n\t\tSELECT \n\t\t  p.id,\n\t\t  p.name,\n\t\t  s.price,\n\t\t  CASE WHEN w.is_active = 0 THEN 0 ELSE ws.stock END as stock,\n\t\t  s.variant,\n\t\t  COALESCE(s.image, \"\") as image,\n\t\t  s.uom,\n\t\t  s.id as sku_id\n\t\tFROM product p\n\t\tINNER JOIN sku s ON p.id = s.product_id AND s.deleted_at IS NULL\n\t\tINNER JOIN warehouse_stock ws ON s.id = ws.sku_id\n\t\tINNER JOIN warehouse w ON ws.warehouse_id = w.id\n\t\tWHERE p.deleted_at IS NULL AND p.id IN (?)\n\t","time":"2025-02-15T16:35:33Z"}
{"app_name":"Ecommerce-Api","app_version":"1.0","level":"info","log_type":"Query","msg":"SELECT \n\t\tCOUNT(*)\n\t\tFROM product p\n\t\tINNER JOIN shop s ON p.shop_id = s.id\n\t\tINNER JOIN warehouse w ON s.id = w.shop_id\n\t\tWHERE p.deleted_at IS NULL AND w.id = ?\n\t\tGROUP BY p.id","time":"2025-02-15T16:35:33Z"}
{"app_name":"Ecommerce-Api","app_version":"1.0","level":"info","log_type":"Response","method":"GET","msg":"success","request":"","route":"/product","time":"2025-02-15T16:35:33Z"}
{"app_name":"Ecommerce-Api","app_version":"1.0","level":"info","log_type":"Query","msg":"\n\t\tSELECT \n\t\t\tp.id,\n\t\t\tp.name\n\t\tFROM product p\n\t\tINNER JOIN shop s ON p.shop_id = s.id\n\t\tINNER JOIN warehouse w ON s.id = w.shop_id\n\t\tWHERE p.deleted_at IS NULL AND w.id = ?\n\t\tGROUP BY p.id\n\t\tORDER BY p.created_at desc\n\t\tLIMIT ? OFFSET ?\n\t","time":"2025-02-15T16:35:36Z"}
{"app_name":"Ecommerce-Api","app_version":"1.0","level":"info","log_type":"Query","msg":"\n\t\tSELECT \n\t\t  p.id,\n\t\t  p.name,\n\t\t  s.price,\n\t\t  CASE WHEN w.is_active = 0 THEN 0 ELSE ws.stock END as stock,\n\t\t  s.variant,\n\t\t  COALESCE(s.image, \"\") as image,\n\t\t  s.uom,\n\t\t  s.id as sku_id\n\t\tFROM product p\n\t\tINNER JOIN sku s ON p.id = s.product_id AND s.deleted_at IS NULL\n\t\tINNER JOIN warehouse_stock ws ON s.id = ws.sku_id\n\t\tINNER JOIN warehouse w ON ws.warehouse_id = w.id\n\t\tWHERE p.deleted_at IS NULL AND p.id IN (?)\n\t","time":"2025-02-15T16:35:36Z"}
{"app_name":"Ecommerce-Api","app_version":"1.0","level":"info","log_type":"Query","msg":"SELECT \n\t\tCOUNT(*)\n\t\tFROM product p\n\t\tINNER JOIN shop s ON p.shop_id = s.id\n\t\tINNER JOIN warehouse w ON s.id = w.shop_id\n\t\tWHERE p.deleted_at IS NULL AND w.id = ?\n\t\tGROUP BY p.id","time":"2025-02-15T16:35:36Z"}
{"app_name":"Ecommerce-Api","app_version":"1.0","level":"info","log_type":"Response","method":"GET","msg":"success","request":"","route":"/product","time":"2025-02-15T16:35:36Z"}
{"app_name":"Ecommerce-Api","app_version":"1.0","level":"info","log_type":"Query","msg":"\n\t\tSELECT \n\t\t\tp.id,\n\t\t\tp.name\n\t\tFROM product p\n\t\tINNER JOIN shop s ON p.shop_id = s.id\n\t\tINNER JOIN warehouse w ON s.id = w.shop_id\n\t\tWHERE p.deleted_at IS NULL AND w.id = ?\n\t\tGROUP BY p.id\n\t\tORDER BY p.created_at desc\n\t\tLIMIT ? OFFSET ?\n\t","time":"2025-02-15T16:36:13Z"}
{"app_name":"Ecommerce-Api","app_version":"1.0","level":"info","log_type":"Query","msg":"\n\t\tSELECT \n\t\t  p.id,\n\t\t  p.name,\n\t\t  s.price,\n\t\t  CASE WHEN w.is_active = 0 THEN 0 ELSE ws.stock END as stock,\n\t\t  s.variant,\n\t\t  COALESCE(s.image, \"\") as image,\n\t\t  s.uom,\n\t\t  s.id as sku_id\n\t\tFROM product p\n\t\tINNER JOIN sku s ON p.id = s.product_id AND s.deleted_at IS NULL\n\t\tINNER JOIN warehouse_stock ws ON s.id = ws.sku_id\n\t\tINNER JOIN warehouse w ON ws.warehouse_id = w.id\n\t\tWHERE p.deleted_at IS NULL AND p.id IN (?)\n\t","time":"2025-02-15T16:36:13Z"}
{"app_name":"Ecommerce-Api","app_version":"1.0","level":"info","log_type":"Query","msg":"SELECT \n\t\tCOUNT(*)\n\t\tFROM product p\n\t\tINNER JOIN shop s ON p.shop_id = s.id\n\t\tINNER JOIN warehouse w ON s.id = w.shop_id\n\t\tWHERE p.deleted_at IS NULL AND w.id = ?\n\t\tGROUP BY p.id","time":"2025-02-15T16:36:13Z"}
{"app_name":"Ecommerce-Api","app_version":"1.0","level":"info","log_type":"Response","method":"GET","msg":"success","request":"","route":"/product","time":"2025-02-15T16:36:13Z"}
{"app_name":"Ecommerce-Api","app_version":"1.0","level":"info","log_type":"Query","msg":"\n\t\tSELECT \n\t\t\tp.id,\n\t\t\tp.name\n\t\tFROM product p\n\t\tINNER JOIN shop s ON p.shop_id = s.id\n\t\tINNER JOIN warehouse w ON s.id = w.shop_id\n\t\tWHERE p.deleted_at IS NULL AND w.id = ?\n\t\tGROUP BY p.id\n\t\tORDER BY p.created_at desc\n\t\tLIMIT ? OFFSET ?\n\t","time":"2025-02-15T16:42:49Z"}
{"app_name":"Ecommerce-Api","app_version":"1.0","level":"info","log_type":"Query","msg":"\n\t\tSELECT \n\t\t  p.id,\n\t\t  p.name,\n\t\t  s.price,\n\t\t  CASE WHEN w.is_active = 0 THEN 0 ELSE ws.stock END as stock,\n\t\t  s.variant,\n\t\t  COALESCE(s.image, \"\") as image,\n\t\t  s.uom,\n\t\t  s.id as sku_id\n\t\tFROM product p\n\t\tINNER JOIN sku s ON p.id = s.product_id AND s.deleted_at IS NULL\n\t\tINNER JOIN warehouse_stock ws ON s.id = ws.sku_id\n\t\tINNER JOIN warehouse w ON ws.warehouse_id = w.id\n\t\tWHERE p.deleted_at IS NULL AND ws.warehouse_id = ? AND p.id IN (?)\n\t","time":"2025-02-15T16:42:49Z"}
{"app_name":"Ecommerce-Api","app_version":"1.0","level":"info","log_type":"Query","msg":"SELECT \n\t\tCOUNT(*)\n\t\tFROM product p\n\t\tINNER JOIN shop s ON p.shop_id = s.id\n\t\tINNER JOIN warehouse w ON s.id = w.shop_id\n\t\tWHERE p.deleted_at IS NULL AND w.id = ?\n\t\tGROUP BY p.id","time":"2025-02-15T16:42:49Z"}
{"app_name":"Ecommerce-Api","app_version":"1.0","level":"info","log_type":"Response","method":"GET","msg":"success","request":null,"route":"/product","time":"2025-02-15T16:42:49Z"}
{"app_name":"Ecommerce-Api","app_version":"1.0","level":"info","log_type":"Query","msg":"select EXISTS(select 1 from warehouse where id = ?)","time":"2025-02-15T20:58:39Z"}
{"app_name":"Ecommerce-Api","app_version":"1.0","level":"info","log_type":"Query","msg":"select id, phone, password, warehouse_id from user where phone = ?","time":"2025-02-15T20:58:39Z"}
{"app_name":"Ecommerce-Api","app_version":"1.0","level":"error","log_type":"Response","method":"POST","msg":"Email already exists","request":{"address":"jakarta selatan","gender":"male","name":"dedi","password":"123","phone":"08982510066","warehouse_id":"3c4d1ceb-93d4-4233-aea7-700bf51e5051"},"route":"/register","time":"2025-02-15T20:58:39Z"}
{"app_name":"Ecommerce-Api","app_version":"1.0","level":"info","log_type":"Query","msg":"select EXISTS(select 1 from warehouse where id = ?)","time":"2025-02-15T20:59:51Z"}
{"app_name":"Ecommerce-Api","app_version":"1.0","level":"info","log_type":"Query","msg":"select id, phone, password, warehouse_id from user where phone = ?","time":"2025-02-15T20:59:51Z"}
{"app_name":"Ecommerce-Api","app_version":"1.0","level":"error","log_type":"Response","method":"POST","msg":"Phone already exists","request":{"address":"jakarta selatan","gender":"male","name":"dedi","password":"123","phone":"08982510066","warehouse_id":"3c4d1ceb-93d4-4233-aea7-700bf51e5051"},"route":"/register","time":"2025-02-15T20:59:51Z"}
{"app_name":"Ecommerce-Api","app_version":"1.0","level":"info","log_type":"Query","msg":"select EXISTS(select 1 from warehouse where id = ?)","time":"2025-02-15T21:00:06Z"}
{"app_name":"Ecommerce-Api","app_version":"1.0","level":"info","log_type":"Query","msg":"select id, phone, password, warehouse_id from user where phone = ?","time":"2025-02-15T21:00:06Z"}
{"app_name":"Ecommerce-Api","app_version":"1.0","level":"info","log_type":"Query","msg":"INSERT INTO user (\n\tid,\n\twarehouse_id,\n    name, \n\tphone,\n    password, \n    gender) \n    VALUES (?, ?, ?, ?, ?, ?)","time":"2025-02-15T21:00:06Z"}
{"app_name":"Ecommerce-Api","app_version":"1.0","level":"info","log_type":"Response","method":"POST","msg":"success","request":{"address":"jakarta selatan","gender":"male","name":"dedi","password":"123","phone":"08982510055","warehouse_id":"3c4d1ceb-93d4-4233-aea7-700bf51e5051"},"route":"/register","time":"2025-02-15T21:00:07Z"}
{"app_name":"Ecommerce-Api","app_version":"1.0","level":"info","log_type":"Query","msg":"select id, phone, password, warehouse_id from user where phone = ?","time":"2025-02-15T21:00:19Z"}
{"app_name":"Ecommerce-Api","app_version":"1.0","level":"info","log_type":"Response","method":"POST","msg":"success","request":{"password":"123","phone":"08982510055"},"route":"/login","time":"2025-02-15T21:00:19Z"}
{"app_name":"Ecommerce-Api","app_version":"1.0","level":"info","log_type":"Query","msg":"\n\t\tSELECT \n\t\t\tp.id,\n\t\t\tp.name\n\t\tFROM product p\n\t\tINNER JOIN shop s ON p.shop_id = s.id\n\t\tINNER JOIN warehouse w ON s.id = w.shop_id\n\t\tWHERE p.deleted_at IS NULL AND w.id = ?\n\t\tGROUP BY p.id\n\t\tORDER BY p.created_at desc\n\t\tLIMIT ? OFFSET ?\n\t","time":"2025-02-15T21:00:37Z"}
{"app_name":"Ecommerce-Api","app_version":"1.0","level":"info","log_type":"Query","msg":"\n\t\tSELECT \n\t\t  p.id,\n\t\t  p.name,\n\t\t  s.price,\n\t\t  CASE WHEN w.is_active = 0 THEN 0 ELSE ws.stock END as stock,\n\t\t  s.variant,\n\t\t  COALESCE(s.image, \"\") as image,\n\t\t  s.uom,\n\t\t  s.id as sku_id\n\t\tFROM product p\n\t\tINNER JOIN sku s ON p.id = s.product_id AND s.deleted_at IS NULL\n\t\tINNER JOIN warehouse_stock ws ON s.id = ws.sku_id\n\t\tINNER JOIN warehouse w ON ws.warehouse_id = w.id\n\t\tWHERE p.deleted_at IS NULL AND ws.warehouse_id = ? AND p.id IN (?)\n\t","time":"2025-02-15T21:00:37Z"}
{"app_name":"Ecommerce-Api","app_version":"1.0","level":"info","log_type":"Query","msg":"SELECT \n\t\tCOUNT(*)\n\t\tFROM product p\n\t\tINNER JOIN shop s ON p.shop_id = s.id\n\t\tINNER JOIN warehouse w ON s.id = w.shop_id\n\t\tWHERE p.deleted_at IS NULL AND w.id = ?\n\t\tGROUP BY p.id","time":"2025-02-15T21:00:37Z"}
{"app_name":"Ecommerce-Api","app_version":"1.0","level":"info","log_type":"Response","method":"GET","msg":"success","request":"","route":"/product","time":"2025-02-15T21:00:37Z"}
{"app_name":"Ecommerce-Api","app_version":"1.0","level":"info","log_type":"Query","msg":"\n\t\tSELECT \n\t\t\tp.id,\n\t\t\tp.name\n\t\tFROM product p\n\t\tINNER JOIN shop s ON p.shop_id = s.id\n\t\tINNER JOIN warehouse w ON s.id = w.shop_id\n\t\tWHERE p.deleted_at IS NULL AND w.id = ?\n\t\tGROUP BY p.id\n\t\tORDER BY p.created_at desc\n\t\tLIMIT ? OFFSET ?\n\t","time":"2025-02-15T21:00:39Z"}
{"app_name":"Ecommerce-Api","app_version":"1.0","level":"info","log_type":"Query","msg":"\n\t\tSELECT \n\t\t  p.id,\n\t\t  p.name,\n\t\t  s.price,\n\t\t  CASE WHEN w.is_active = 0 THEN 0 ELSE ws.stock END as stock,\n\t\t  s.variant,\n\t\t  COALESCE(s.image, \"\") as image,\n\t\t  s.uom,\n\t\t  s.id as sku_id\n\t\tFROM product p\n\t\tINNER JOIN sku s ON p.id = s.product_id AND s.deleted_at IS NULL\n\t\tINNER JOIN warehouse_stock ws ON s.id = ws.sku_id\n\t\tINNER JOIN warehouse w ON ws.warehouse_id = w.id\n\t\tWHERE p.deleted_at IS NULL AND ws.warehouse_id = ? AND p.id IN (?)\n\t","time":"2025-02-15T21:00:39Z"}
{"app_name":"Ecommerce-Api","app_version":"1.0","level":"info","log_type":"Query","msg":"SELECT \n\t\tCOUNT(*)\n\t\tFROM product p\n\t\tINNER JOIN shop s ON p.shop_id = s.id\n\t\tINNER JOIN warehouse w ON s.id = w.shop_id\n\t\tWHERE p.deleted_at IS NULL AND w.id = ?\n\t\tGROUP BY p.id","time":"2025-02-15T21:00:39Z"}
{"app_name":"Ecommerce-Api","app_version":"1.0","level":"info","log_type":"Response","method":"GET","msg":"success","request":"","route":"/product","time":"2025-02-15T21:00:39Z"}
{"app_name":"Ecommerce-Api","app_version":"1.0","level":"info","log_type":"Query","msg":"\n\t\tSELECT \n\t\t\tp.id,\n\t\t\tp.name\n\t\tFROM product p\n\t\tINNER JOIN shop s ON p.shop_id = s.id\n\t\tINNER JOIN warehouse w ON s.id = w.shop_id\n\t\tWHERE p.deleted_at IS NULL AND w.id = ?\n\t\tGROUP BY p.id\n\t\tORDER BY p.created_at desc\n\t\tLIMIT ? OFFSET ?\n\t","time":"2025-02-15T21:00:40Z"}
{"app_name":"Ecommerce-Api","app_version":"1.0","level":"info","log_type":"Query","msg":"\n\t\tSELECT \n\t\t  p.id,\n\t\t  p.name,\n\t\t  s.price,\n\t\t  CASE WHEN w.is_active = 0 THEN 0 ELSE ws.stock END as stock,\n\t\t  s.variant,\n\t\t  COALESCE(s.image, \"\") as image,\n\t\t  s.uom,\n\t\t  s.id as sku_id\n\t\tFROM product p\n\t\tINNER JOIN sku s ON p.id = s.product_id AND s.deleted_at IS NULL\n\t\tINNER JOIN warehouse_stock ws ON s.id = ws.sku_id\n\t\tINNER JOIN warehouse w ON ws.warehouse_id = w.id\n\t\tWHERE p.deleted_at IS NULL AND ws.warehouse_id = ? AND p.id IN (?)\n\t","time":"2025-02-15T21:00:40Z"}
{"app_name":"Ecommerce-Api","app_version":"1.0","level":"info","log_type":"Query","msg":"SELECT \n\t\tCOUNT(*)\n\t\tFROM product p\n\t\tINNER JOIN shop s ON p.shop_id = s.id\n\t\tINNER JOIN warehouse w ON s.id = w.shop_id\n\t\tWHERE p.deleted_at IS NULL AND w.id = ?\n\t\tGROUP BY p.id","time":"2025-02-15T21:00:40Z"}
{"app_name":"Ecommerce-Api","app_version":"1.0","level":"info","log_type":"Response","method":"GET","msg":"success","request":"","route":"/product","time":"2025-02-15T21:00:40Z"}
{"app_name":"Ecommerce-Api","app_version":"1.0","level":"info","log_type":"Query","msg":"\n\t\tSELECT \n\t\t\tp.id,\n\t\t\tp.name\n\t\tFROM product p\n\t\tINNER JOIN shop s ON p.shop_id = s.id\n\t\tINNER JOIN warehouse w ON s.id = w.shop_id\n\t\tWHERE p.deleted_at IS NULL AND w.id = ?\n\t\tGROUP BY p.id\n\t\tORDER BY p.created_at desc\n\t\tLIMIT ? OFFSET ?\n\t","time":"2025-02-15T21:00:41Z"}
{"app_name":"Ecommerce-Api","app_version":"1.0","level":"info","log_type":"Query","msg":"\n\t\tSELECT \n\t\t  p.id,\n\t\t  p.name,\n\t\t  s.price,\n\t\t  CASE WHEN w.is_active = 0 THEN 0 ELSE ws.stock END as stock,\n\t\t  s.variant,\n\t\t  COALESCE(s.image, \"\") as image,\n\t\t  s.uom,\n\t\t  s.id as sku_id\n\t\tFROM product p\n\t\tINNER JOIN sku s ON p.id = s.product_id AND s.deleted_at IS NULL\n\t\tINNER JOIN warehouse_stock ws ON s.id = ws.sku_id\n\t\tINNER JOIN warehouse w ON ws.warehouse_id = w.id\n\t\tWHERE p.deleted_at IS NULL AND ws.warehouse_id = ? AND p.id IN (?)\n\t","time":"2025-02-15T21:00:41Z"}
{"app_name":"Ecommerce-Api","app_version":"1.0","level":"info","log_type":"Query","msg":"SELECT \n\t\tCOUNT(*)\n\t\tFROM product p\n\t\tINNER JOIN shop s ON p.shop_id = s.id\n\t\tINNER JOIN warehouse w ON s.id = w.shop_id\n\t\tWHERE p.deleted_at IS NULL AND w.id = ?\n\t\tGROUP BY p.id","time":"2025-02-15T21:00:41Z"}
{"app_name":"Ecommerce-Api","app_version":"1.0","level":"info","log_type":"Response","method":"GET","msg":"success","request":"","route":"/product","time":"2025-02-15T21:00:41Z"}
{"app_name":"Ecommerce-Api","app_version":"1.0","level":"info","log_type":"Query","msg":"select EXISTS(select 1 from warehouse where id = ?)","time":"2025-02-15T21:01:25Z"}
{"app_name":"Ecommerce-Api","app_version":"1.0","level":"info","log_type":"Query","msg":"select id, phone, password, warehouse_id from user where phone = ?","time":"2025-02-15T21:01:25Z"}
{"app_name":"Ecommerce-Api","app_version":"1.0","level":"info","log_type":"Query","msg":"INSERT INTO user (\n\tid,\n\twarehouse_id,\n    name, \n\tphone,\n    password, \n    gender) \n    VALUES (?, ?, ?, ?, ?, ?)","time":"2025-02-15T21:01:25Z"}
{"app_name":"Ecommerce-Api","app_version":"1.0","level":"info","log_type":"Response","method":"POST","msg":"success","request":{"address":"jakarta selatan","gender":"male","name":"andi","password":"123","phone":"08982510077","warehouse_id":"5daf7427-fb6a-4ccb-8d54-2c496503f04c"},"route":"/register","time":"2025-02-15T21:01:25Z"}
{"app_name":"Ecommerce-Api","app_version":"1.0","level":"info","log_type":"Query","msg":"select id, phone, password, warehouse_id from user where phone = ?","time":"2025-02-15T21:01:30Z"}
{"app_name":"Ecommerce-Api","app_version":"1.0","level":"info","log_type":"Response","method":"POST","msg":"success","request":{"password":"123","phone":"08982510055"},"route":"/login","time":"2025-02-15T21:01:30Z"}
{"app_name":"Ecommerce-Api","app_version":"1.0","level":"info","log_type":"Query","msg":"\n\t\tSELECT \n\t\t\tp.id,\n\t\t\tp.name\n\t\tFROM product p\n\t\tINNER JOIN shop s ON p.shop_id = s.id\n\t\tINNER JOIN warehouse w ON s.id = w.shop_id\n\t\tWHERE p.deleted_at IS NULL AND w.id = ?\n\t\tGROUP BY p.id\n\t\tORDER BY p.created_at desc\n\t\tLIMIT ? OFFSET ?\n\t","time":"2025-02-15T21:01:52Z"}
{"app_name":"Ecommerce-Api","app_version":"1.0","level":"info","log_type":"Query","msg":"\n\t\tSELECT \n\t\t  p.id,\n\t\t  p.name,\n\t\t  s.price,\n\t\t  CASE WHEN w.is_active = 0 THEN 0 ELSE ws.stock END as stock,\n\t\t  s.variant,\n\t\t  COALESCE(s.image, \"\") as image,\n\t\t  s.uom,\n\t\t  s.id as sku_id\n\t\tFROM product p\n\t\tINNER JOIN sku s ON p.id = s.product_id AND s.deleted_at IS NULL\n\t\tINNER JOIN warehouse_stock ws ON s.id = ws.sku_id\n\t\tINNER JOIN warehouse w ON ws.warehouse_id = w.id\n\t\tWHERE p.deleted_at IS NULL AND ws.warehouse_id = ? AND p.id IN (?)\n\t","time":"2025-02-15T21:01:52Z"}
{"app_name":"Ecommerce-Api","app_version":"1.0","level":"info","log_type":"Query","msg":"SELECT \n\t\tCOUNT(*)\n\t\tFROM product p\n\t\tINNER JOIN shop s ON p.shop_id = s.id\n\t\tINNER JOIN warehouse w ON s.id = w.shop_id\n\t\tWHERE p.deleted_at IS NULL AND w.id = ?\n\t\tGROUP BY p.id","time":"2025-02-15T21:01:52Z"}
{"app_name":"Ecommerce-Api","app_version":"1.0","level":"info","log_type":"Response","method":"GET","msg":"success","request":"","route":"/product","time":"2025-02-15T21:01:52Z"}
{"app_name":"Ecommerce-Api","app_version":"1.0","level":"info","log_type":"Query","msg":"\n\t\tSELECT \n\t\t\tp.id,\n\t\t\tp.name\n\t\tFROM product p\n\t\tINNER JOIN shop s ON p.shop_id = s.id\n\t\tINNER JOIN warehouse w ON s.id = w.shop_id\n\t\tWHERE p.deleted_at IS NULL AND w.id = ?\n\t\tGROUP BY p.id\n\t\tORDER BY p.created_at desc\n\t\tLIMIT ? OFFSET ?\n\t","time":"2025-02-15T21:01:54Z"}
{"app_name":"Ecommerce-Api","app_version":"1.0","level":"info","log_type":"Query","msg":"\n\t\tSELECT \n\t\t  p.id,\n\t\t  p.name,\n\t\t  s.price,\n\t\t  CASE WHEN w.is_active = 0 THEN 0 ELSE ws.stock END as stock,\n\t\t  s.variant,\n\t\t  COALESCE(s.image, \"\") as image,\n\t\t  s.uom,\n\t\t  s.id as sku_id\n\t\tFROM product p\n\t\tINNER JOIN sku s ON p.id = s.product_id AND s.deleted_at IS NULL\n\t\tINNER JOIN warehouse_stock ws ON s.id = ws.sku_id\n\t\tINNER JOIN warehouse w ON ws.warehouse_id = w.id\n\t\tWHERE p.deleted_at IS NULL AND ws.warehouse_id = ? AND p.id IN (?)\n\t","time":"2025-02-15T21:01:54Z"}
{"app_name":"Ecommerce-Api","app_version":"1.0","level":"info","log_type":"Query","msg":"SELECT \n\t\tCOUNT(*)\n\t\tFROM product p\n\t\tINNER JOIN shop s ON p.shop_id = s.id\n\t\tINNER JOIN warehouse w ON s.id = w.shop_id\n\t\tWHERE p.deleted_at IS NULL AND w.id = ?\n\t\tGROUP BY p.id","time":"2025-02-15T21:01:54Z"}
{"app_name":"Ecommerce-Api","app_version":"1.0","level":"info","log_type":"Response","method":"GET","msg":"success","request":"","route":"/product","time":"2025-02-15T21:01:54Z"}
{"app_name":"Ecommerce-Api","app_version":"1.0","level":"info","log_type":"Query","msg":"\n\t\tSELECT \n\t\t\tp.id,\n\t\t\tp.name\n\t\tFROM product p\n\t\tINNER JOIN shop s ON p.shop_id = s.id\n\t\tINNER JOIN warehouse w ON s.id = w.shop_id\n\t\tWHERE p.deleted_at IS NULL AND w.id = ?\n\t\tGROUP BY p.id\n\t\tORDER BY p.created_at desc\n\t\tLIMIT ? OFFSET ?\n\t","time":"2025-02-15T21:01:55Z"}
{"app_name":"Ecommerce-Api","app_version":"1.0","level":"info","log_type":"Query","msg":"\n\t\tSELECT \n\t\t  p.id,\n\t\t  p.name,\n\t\t  s.price,\n\t\t  CASE WHEN w.is_active = 0 THEN 0 ELSE ws.stock END as stock,\n\t\t  s.variant,\n\t\t  COALESCE(s.image, \"\") as image,\n\t\t  s.uom,\n\t\t  s.id as sku_id\n\t\tFROM product p\n\t\tINNER JOIN sku s ON p.id = s.product_id AND s.deleted_at IS NULL\n\t\tINNER JOIN warehouse_stock ws ON s.id = ws.sku_id\n\t\tINNER JOIN warehouse w ON ws.warehouse_id = w.id\n\t\tWHERE p.deleted_at IS NULL AND ws.warehouse_id = ? AND p.id IN (?)\n\t","time":"2025-02-15T21:01:55Z"}
{"app_name":"Ecommerce-Api","app_version":"1.0","level":"info","log_type":"Query","msg":"SELECT \n\t\tCOUNT(*)\n\t\tFROM product p\n\t\tINNER JOIN shop s ON p.shop_id = s.id\n\t\tINNER JOIN warehouse w ON s.id = w.shop_id\n\t\tWHERE p.deleted_at IS NULL AND w.id = ?\n\t\tGROUP BY p.id","time":"2025-02-15T21:01:55Z"}
{"app_name":"Ecommerce-Api","app_version":"1.0","level":"info","log_type":"Response","method":"GET","msg":"success","request":"","route":"/product","time":"2025-02-15T21:01:55Z"}
{"app_name":"Ecommerce-Api","app_version":"1.0","level":"info","log_type":"Query","msg":"select id, phone, password, warehouse_id from user where phone = ?","time":"2025-02-15T21:02:20Z"}
{"app_name":"Ecommerce-Api","app_version":"1.0","level":"info","log_type":"Response","method":"POST","msg":"success","request":{"password":"123","phone":"08982510077"},"route":"/login","time":"2025-02-15T21:02:20Z"}
{"app_name":"Ecommerce-Api","app_version":"1.0","level":"info","log_type":"Query","msg":"\n\t\tSELECT \n\t\t\tp.id,\n\t\t\tp.name\n\t\tFROM product p\n\t\tINNER JOIN shop s ON p.shop_id = s.id\n\t\tINNER JOIN warehouse w ON s.id = w.shop_id\n\t\tWHERE p.deleted_at IS NULL AND w.id = ?\n\t\tGROUP BY p.id\n\t\tORDER BY p.created_at desc\n\t\tLIMIT ? OFFSET ?\n\t","time":"2025-02-15T21:02:41Z"}
{"app_name":"Ecommerce-Api","app_version":"1.0","level":"info","log_type":"Query","msg":"\n\t\tSELECT \n\t\t  p.id,\n\t\t  p.name,\n\t\t  s.price,\n\t\t  CASE WHEN w.is_active = 0 THEN 0 ELSE ws.stock END as stock,\n\t\t  s.variant,\n\t\t  COALESCE(s.image, \"\") as image,\n\t\t  s.uom,\n\t\t  s.id as sku_id\n\t\tFROM product p\n\t\tINNER JOIN sku s ON p.id = s.product_id AND s.deleted_at IS NULL\n\t\tINNER JOIN warehouse_stock ws ON s.id = ws.sku_id\n\t\tINNER JOIN warehouse w ON ws.warehouse_id = w.id\n\t\tWHERE p.deleted_at IS NULL AND ws.warehouse_id = ? AND p.id IN (?)\n\t","time":"2025-02-15T21:02:41Z"}
{"app_name":"Ecommerce-Api","app_version":"1.0","level":"info","log_type":"Query","msg":"SELECT \n\t\tCOUNT(*)\n\t\tFROM product p\n\t\tINNER JOIN shop s ON p.shop_id = s.id\n\t\tINNER JOIN warehouse w ON s.id = w.shop_id\n\t\tWHERE p.deleted_at IS NULL AND w.id = ?\n\t\tGROUP BY p.id","time":"2025-02-15T21:02:41Z"}
{"app_name":"Ecommerce-Api","app_version":"1.0","level":"info","log_type":"Response","method":"GET","msg":"success","request":"","route":"/product","time":"2025-02-15T21:02:41Z"}
